2022-08-12 15:11:55,674 [Worker-5: Loading available Gradle versions] INFO  o.e.b.c.i.u.g.PublishedGradleVersions - Gradle version information cache is up-to-date. Trying to read.
2022-08-12 15:18:19,852 [Worker-18: Creating springboot-rest-api] INFO  o.e.m.c.i.p.ProjectConfigurationManager - Collecting project info '/pom.xml' C:\Users\Administrator\eclipse-workspace\curso-jdev-treinamento\pom.xml
2022-08-12 15:18:24,703 [Worker-18: Creating springboot-rest-api] INFO  o.e.m.c.i.l.LifecycleMappingFactory - Using org.eclipse.m2e.jdt.JarLifecycleMapping lifecycle mapping for MavenProject: com.hackerrank.projects:springboot-rest-api-sample:1.0.0-SNAPSHOT @ C:\Users\Administrator\eclipse-workspace\springboot-rest-api-sample\pom.xml.
2022-08-12 15:18:28,186 [Worker-18: Creating springboot-rest-api] INFO  o.e.m.j.i.AbstractJavaProjectConfigurator - Adding source folder /springboot-rest-api-sample/src/main/java
2022-08-12 15:18:28,188 [Worker-18: Creating springboot-rest-api] INFO  o.e.m.j.i.AbstractJavaProjectConfigurator - Adding resource folder /springboot-rest-api-sample/src/main/resources
2022-08-12 15:18:28,206 [Worker-18: Creating springboot-rest-api] INFO  o.e.m.j.i.AbstractJavaProjectConfigurator - Adding source folder /springboot-rest-api-sample/src/test/java
2022-08-12 15:18:30,746 [Worker-18: Creating springboot-rest-api] INFO  o.e.m.c.i.p.ProjectConfigurationManager - Imported and configured 1 project(s) in 10 sec
2022-08-12 15:18:31,908 [Worker-27: Building] INFO  o.e.m.c.i.embedder.EclipseLogger - Using 'UTF-8' encoding to copy filtered resources.
2022-08-12 15:18:31,915 [Worker-27: Building] INFO  o.e.m.c.i.embedder.EclipseLogger - Copying 1 resource
2022-08-12 15:18:31,925 [Worker-27: Building] INFO  o.e.m.c.i.embedder.EclipseLogger - Using 'UTF-8' encoding to copy filtered resources.
2022-08-12 15:18:31,925 [Worker-27: Building] INFO  o.e.m.c.i.embedder.EclipseLogger - skip non existing resourceDirectory C:\Users\Administrator\eclipse-workspace\springboot-rest-api-sample\src\test\resources
2022-08-12 15:18:42,644 [Worker-27: Building] INFO  o.e.m.c.i.embedder.EclipseLogger - Using 'UTF-8' encoding to copy filtered resources.
2022-08-12 15:18:42,645 [Worker-27: Building] INFO  o.e.m.c.i.embedder.EclipseLogger - Copying 0 resource
2022-08-12 15:18:42,647 [Worker-27: Building] INFO  o.e.m.c.i.embedder.EclipseLogger - Using 'UTF-8' encoding to copy filtered resources.
2022-08-12 15:18:42,647 [Worker-27: Building] INFO  o.e.m.c.i.embedder.EclipseLogger - skip non existing resourceDirectory C:\Users\Administrator\eclipse-workspace\springboot-rest-api-sample\src\test\resources
2022-08-12 15:22:02,908 [Worker-28: Launching Application] INFO  o.e.m.c.i.embedder.EclipseLogger - Using 'UTF-8' encoding to copy filtered resources.
2022-08-12 15:22:02,913 [Worker-28: Launching Application] INFO  o.e.m.c.i.embedder.EclipseLogger - Copying 1 resource
2022-08-12 15:22:02,918 [Worker-28: Launching Application] INFO  o.e.m.c.i.embedder.EclipseLogger - Using 'UTF-8' encoding to copy filtered resources.
2022-08-12 15:22:02,918 [Worker-28: Launching Application] INFO  o.e.m.c.i.embedder.EclipseLogger - skip non existing resourceDirectory C:\Users\Administrator\eclipse-workspace\springboot-rest-api-sample\src\test\resources
2022-08-12 15:23:24,195 [Worker-8: Building] INFO  o.e.m.c.i.embedder.EclipseLogger - Using 'UTF-8' encoding to copy filtered resources.
2022-08-12 15:23:24,197 [Worker-8: Building] INFO  o.e.m.c.i.embedder.EclipseLogger - Copying 1 resource
2022-08-12 15:23:24,201 [Worker-8: Building] INFO  o.e.m.c.i.embedder.EclipseLogger - Using 'UTF-8' encoding to copy filtered resources.
2022-08-12 15:23:24,202 [Worker-8: Building] INFO  o.e.m.c.i.embedder.EclipseLogger - skip non existing resourceDirectory C:\Users\Administrator\eclipse-workspace\springboot-rest-api-sample\src\test\resources
2022-08-12 15:26:38,795 [Worker-8: Building] INFO  o.e.m.c.i.embedder.EclipseLogger - Using 'UTF-8' encoding to copy filtered resources.
2022-08-12 15:26:38,796 [Worker-8: Building] INFO  o.e.m.c.i.embedder.EclipseLogger - Copying 1 resource
2022-08-12 15:26:38,798 [Worker-8: Building] INFO  o.e.m.c.i.embedder.EclipseLogger - Using 'UTF-8' encoding to copy filtered resources.
2022-08-12 15:26:38,798 [Worker-8: Building] INFO  o.e.m.c.i.embedder.EclipseLogger - skip non existing resourceDirectory C:\Users\Administrator\eclipse-workspace\springboot-rest-api-sample\src\test\resources
2022-08-12 15:30:24,198 [Worker-30: Building] INFO  o.e.m.c.i.l.LifecycleMappingFactory - Using org.eclipse.m2e.jdt.JarLifecycleMapping lifecycle mapping for MavenProject: com.hackerrank.projects:springboot-rest-api-sample:1.0.0-SNAPSHOT @ C:\Users\Administrator\eclipse-workspace\springboot-rest-api-sample\pom.xml.
2022-08-12 15:30:24,682 [Worker-30: Building] INFO  o.e.m.c.i.embedder.EclipseLogger - Using 'UTF-8' encoding to copy filtered resources.
2022-08-12 15:30:24,684 [Worker-30: Building] INFO  o.e.m.c.i.embedder.EclipseLogger - Copying 0 resource
2022-08-12 15:30:24,686 [Worker-30: Building] INFO  o.e.m.c.i.embedder.EclipseLogger - Using 'UTF-8' encoding to copy filtered resources.
2022-08-12 15:30:24,687 [Worker-30: Building] INFO  o.e.m.c.i.embedder.EclipseLogger - skip non existing resourceDirectory C:\Users\Administrator\eclipse-workspace\springboot-rest-api-sample\src\test\resources
2022-08-12 15:31:18,818 [Worker-30: Building] INFO  o.e.m.c.i.l.LifecycleMappingFactory - Using org.eclipse.m2e.jdt.JarLifecycleMapping lifecycle mapping for MavenProject: com.hackerrank.projects:springboot-rest-api-sample:1.0.0-SNAPSHOT @ C:\Users\Administrator\eclipse-workspace\springboot-rest-api-sample\pom.xml.
2022-08-12 15:31:20,003 [Worker-30: Building] INFO  o.e.m.c.i.e.AbstractTransferListenerAdapter - Downloading https://repo.maven.apache.org/maven2/org/postgresql/postgresql/9.4.1212/postgresql-9.4.1212.jar
2022-08-12 15:31:20,932 [Worker-30: Building] INFO  o.e.m.c.i.e.AbstractTransferListenerAdapter - Downloaded https://repo.maven.apache.org/maven2/org/postgresql/postgresql/9.4.1212/postgresql-9.4.1212.jar
2022-08-12 15:31:21,126 [Worker-30: Building] INFO  o.e.m.c.i.embedder.EclipseLogger - Using 'UTF-8' encoding to copy filtered resources.
2022-08-12 15:31:21,128 [Worker-30: Building] INFO  o.e.m.c.i.embedder.EclipseLogger - Copying 0 resource
2022-08-12 15:31:21,130 [Worker-30: Building] INFO  o.e.m.c.i.embedder.EclipseLogger - Using 'UTF-8' encoding to copy filtered resources.
2022-08-12 15:31:21,131 [Worker-30: Building] INFO  o.e.m.c.i.embedder.EclipseLogger - skip non existing resourceDirectory C:\Users\Administrator\eclipse-workspace\springboot-rest-api-sample\src\test\resources
2022-08-12 15:31:22,630 [Worker-28: Building] INFO  o.e.m.c.i.embedder.EclipseLogger - Using 'UTF-8' encoding to copy filtered resources.
2022-08-12 15:31:22,631 [Worker-28: Building] INFO  o.e.m.c.i.embedder.EclipseLogger - Copying 1 resource
2022-08-12 15:31:22,646 [Worker-28: Building] INFO  o.e.m.c.i.embedder.EclipseLogger - Using 'UTF-8' encoding to copy filtered resources.
2022-08-12 15:31:22,646 [Worker-28: Building] INFO  o.e.m.c.i.embedder.EclipseLogger - skip non existing resourceDirectory C:\Users\Administrator\eclipse-workspace\springboot-rest-api-sample\src\test\resources
2022-08-12 15:31:23,076 [Worker-33: Download sources and javadoc] INFO  o.e.m.c.i.e.AbstractTransferListenerAdapter - Downloading https://repo.maven.apache.org/maven2/org/postgresql/postgresql/9.4.1212/postgresql-9.4.1212-sources.jar
2022-08-12 15:31:24,103 [Worker-33: Download sources and javadoc] INFO  o.e.m.c.i.e.AbstractTransferListenerAdapter - Downloaded https://repo.maven.apache.org/maven2/org/postgresql/postgresql/9.4.1212/postgresql-9.4.1212-sources.jar
2022-08-12 15:31:24,109 [Worker-33: Download sources and javadoc] INFO  o.e.m.j.internal.DownloadSourcesJob - Downloaded sources for org.postgresql:postgresql:9.4.1212
2022-08-12 15:31:24,466 [Worker-28: Building] INFO  o.e.m.c.i.embedder.EclipseLogger - Using 'UTF-8' encoding to copy filtered resources.
2022-08-12 15:31:24,467 [Worker-28: Building] INFO  o.e.m.c.i.embedder.EclipseLogger - Copying 0 resource
2022-08-12 15:31:24,470 [Worker-28: Building] INFO  o.e.m.c.i.embedder.EclipseLogger - Using 'UTF-8' encoding to copy filtered resources.
2022-08-12 15:31:24,471 [Worker-28: Building] INFO  o.e.m.c.i.embedder.EclipseLogger - skip non existing resourceDirectory C:\Users\Administrator\eclipse-workspace\springboot-rest-api-sample\src\test\resources
2022-08-12 15:33:07,886 [Worker-34: Building] INFO  o.e.m.c.i.embedder.EclipseLogger - Using 'UTF-8' encoding to copy filtered resources.
2022-08-12 15:33:07,889 [Worker-34: Building] INFO  o.e.m.c.i.embedder.EclipseLogger - Copying 1 resource
2022-08-12 15:33:07,895 [Worker-34: Building] INFO  o.e.m.c.i.embedder.EclipseLogger - Using 'UTF-8' encoding to copy filtered resources.
2022-08-12 15:33:07,895 [Worker-34: Building] INFO  o.e.m.c.i.embedder.EclipseLogger - skip non existing resourceDirectory C:\Users\Administrator\eclipse-workspace\springboot-rest-api-sample\src\test\resources
2022-08-12 15:33:38,528 [Worker-32: Building] INFO  o.e.m.c.i.embedder.EclipseLogger - Using 'UTF-8' encoding to copy filtered resources.
2022-08-12 15:33:38,529 [Worker-32: Building] INFO  o.e.m.c.i.embedder.EclipseLogger - Copying 1 resource
2022-08-12 15:33:38,532 [Worker-32: Building] INFO  o.e.m.c.i.embedder.EclipseLogger - Using 'UTF-8' encoding to copy filtered resources.
2022-08-12 15:33:38,532 [Worker-32: Building] INFO  o.e.m.c.i.embedder.EclipseLogger - skip non existing resourceDirectory C:\Users\Administrator\eclipse-workspace\springboot-rest-api-sample\src\test\resources
2022-08-12 15:34:05,710 [Worker-32: Building] INFO  o.e.m.c.i.embedder.EclipseLogger - Using 'UTF-8' encoding to copy filtered resources.
2022-08-12 15:34:05,710 [Worker-32: Building] INFO  o.e.m.c.i.embedder.EclipseLogger - Copying 1 resource
2022-08-12 15:34:05,712 [Worker-32: Building] INFO  o.e.m.c.i.embedder.EclipseLogger - Using 'UTF-8' encoding to copy filtered resources.
2022-08-12 15:34:05,712 [Worker-32: Building] INFO  o.e.m.c.i.embedder.EclipseLogger - skip non existing resourceDirectory C:\Users\Administrator\eclipse-workspace\springboot-rest-api-sample\src\test\resources
2022-08-12 15:35:22,688 [Worker-37: Building] INFO  o.e.m.c.i.embedder.EclipseLogger - Using 'UTF-8' encoding to copy filtered resources.
2022-08-12 15:35:22,689 [Worker-37: Building] INFO  o.e.m.c.i.embedder.EclipseLogger - Copying 1 resource
2022-08-12 15:35:22,691 [Worker-37: Building] INFO  o.e.m.c.i.embedder.EclipseLogger - Using 'UTF-8' encoding to copy filtered resources.
2022-08-12 15:35:22,691 [Worker-37: Building] INFO  o.e.m.c.i.embedder.EclipseLogger - skip non existing resourceDirectory C:\Users\Administrator\eclipse-workspace\springboot-rest-api-sample\src\test\resources
2022-08-12 15:36:11,002 [Worker-30: Building] INFO  o.e.m.c.i.embedder.EclipseLogger - Using 'UTF-8' encoding to copy filtered resources.
2022-08-12 15:36:11,004 [Worker-30: Building] INFO  o.e.m.c.i.embedder.EclipseLogger - Copying 1 resource
2022-08-12 15:36:11,007 [Worker-30: Building] INFO  o.e.m.c.i.embedder.EclipseLogger - Using 'UTF-8' encoding to copy filtered resources.
2022-08-12 15:36:11,007 [Worker-30: Building] INFO  o.e.m.c.i.embedder.EclipseLogger - skip non existing resourceDirectory C:\Users\Administrator\eclipse-workspace\springboot-rest-api-sample\src\test\resources
2022-08-12 15:36:33,140 [Worker-32: Building] INFO  o.e.m.c.i.embedder.EclipseLogger - Using 'UTF-8' encoding to copy filtered resources.
2022-08-12 15:36:33,141 [Worker-32: Building] INFO  o.e.m.c.i.embedder.EclipseLogger - Copying 1 resource
2022-08-12 15:36:33,145 [Worker-32: Building] INFO  o.e.m.c.i.embedder.EclipseLogger - Using 'UTF-8' encoding to copy filtered resources.
2022-08-12 15:36:33,145 [Worker-32: Building] INFO  o.e.m.c.i.embedder.EclipseLogger - skip non existing resourceDirectory C:\Users\Administrator\eclipse-workspace\springboot-rest-api-sample\src\test\resources
2022-08-12 15:40:01,489 [Worker-36: Building] INFO  o.e.m.c.i.embedder.EclipseLogger - Using 'UTF-8' encoding to copy filtered resources.
2022-08-12 15:40:01,490 [Worker-36: Building] INFO  o.e.m.c.i.embedder.EclipseLogger - Copying 1 resource
2022-08-12 15:40:01,492 [Worker-36: Building] INFO  o.e.m.c.i.embedder.EclipseLogger - Using 'UTF-8' encoding to copy filtered resources.
2022-08-12 15:40:01,493 [Worker-36: Building] INFO  o.e.m.c.i.embedder.EclipseLogger - skip non existing resourceDirectory C:\Users\Administrator\eclipse-workspace\springboot-rest-api-sample\src\test\resources
2022-08-12 15:41:07,197 [Worker-32: Building] INFO  o.e.m.c.i.embedder.EclipseLogger - Using 'UTF-8' encoding to copy filtered resources.
2022-08-12 15:41:07,197 [Worker-32: Building] INFO  o.e.m.c.i.embedder.EclipseLogger - Copying 1 resource
2022-08-12 15:41:07,200 [Worker-32: Building] INFO  o.e.m.c.i.embedder.EclipseLogger - Using 'UTF-8' encoding to copy filtered resources.
2022-08-12 15:41:07,200 [Worker-32: Building] INFO  o.e.m.c.i.embedder.EclipseLogger - skip non existing resourceDirectory C:\Users\Administrator\eclipse-workspace\springboot-rest-api-sample\src\test\resources
2022-08-12 15:42:02,104 [Worker-36: Building] INFO  o.e.m.c.i.embedder.EclipseLogger - Using 'UTF-8' encoding to copy filtered resources.
2022-08-12 15:42:02,105 [Worker-36: Building] INFO  o.e.m.c.i.embedder.EclipseLogger - Copying 1 resource
2022-08-12 15:42:02,107 [Worker-36: Building] INFO  o.e.m.c.i.embedder.EclipseLogger - Using 'UTF-8' encoding to copy filtered resources.
2022-08-12 15:42:02,107 [Worker-36: Building] INFO  o.e.m.c.i.embedder.EclipseLogger - skip non existing resourceDirectory C:\Users\Administrator\eclipse-workspace\springboot-rest-api-sample\src\test\resources
2022-08-12 15:43:15,354 [Worker-36: Building] INFO  o.e.m.c.i.embedder.EclipseLogger - Using 'UTF-8' encoding to copy filtered resources.
2022-08-12 15:43:15,355 [Worker-36: Building] INFO  o.e.m.c.i.embedder.EclipseLogger - Copying 1 resource
2022-08-12 15:43:15,358 [Worker-36: Building] INFO  o.e.m.c.i.embedder.EclipseLogger - Using 'UTF-8' encoding to copy filtered resources.
2022-08-12 15:43:15,358 [Worker-36: Building] INFO  o.e.m.c.i.embedder.EclipseLogger - skip non existing resourceDirectory C:\Users\Administrator\eclipse-workspace\springboot-rest-api-sample\src\test\resources
2022-08-12 15:43:58,027 [Worker-36: Building] INFO  o.e.m.c.i.embedder.EclipseLogger - Using 'UTF-8' encoding to copy filtered resources.
2022-08-12 15:43:58,027 [Worker-36: Building] INFO  o.e.m.c.i.embedder.EclipseLogger - Copying 1 resource
2022-08-12 15:43:58,030 [Worker-36: Building] INFO  o.e.m.c.i.embedder.EclipseLogger - Using 'UTF-8' encoding to copy filtered resources.
2022-08-12 15:43:58,030 [Worker-36: Building] INFO  o.e.m.c.i.embedder.EclipseLogger - skip non existing resourceDirectory C:\Users\Administrator\eclipse-workspace\springboot-rest-api-sample\src\test\resources
2022-08-12 15:45:13,220 [Worker-36: Building] INFO  o.e.m.c.i.l.LifecycleMappingFactory - Using org.eclipse.m2e.jdt.JarLifecycleMapping lifecycle mapping for MavenProject: com.hackerrank.projects:springboot-rest-api-sample:1.0.0-SNAPSHOT @ C:\Users\Administrator\eclipse-workspace\springboot-rest-api-sample\pom.xml.
2022-08-12 15:45:13,651 [Worker-36: Building] INFO  o.e.m.c.i.embedder.EclipseLogger - Using 'UTF-8' encoding to copy filtered resources.
2022-08-12 15:45:13,653 [Worker-36: Building] INFO  o.e.m.c.i.embedder.EclipseLogger - Copying 0 resource
2022-08-12 15:45:13,655 [Worker-36: Building] INFO  o.e.m.c.i.embedder.EclipseLogger - Using 'UTF-8' encoding to copy filtered resources.
2022-08-12 15:45:13,656 [Worker-36: Building] INFO  o.e.m.c.i.embedder.EclipseLogger - skip non existing resourceDirectory C:\Users\Administrator\eclipse-workspace\springboot-rest-api-sample\src\test\resources
2022-08-12 15:45:15,307 [Worker-40: Building] INFO  o.e.m.c.i.embedder.EclipseLogger - Using 'UTF-8' encoding to copy filtered resources.
2022-08-12 15:45:15,308 [Worker-40: Building] INFO  o.e.m.c.i.embedder.EclipseLogger - Copying 1 resource
2022-08-12 15:45:15,318 [Worker-40: Building] INFO  o.e.m.c.i.embedder.EclipseLogger - Using 'UTF-8' encoding to copy filtered resources.
2022-08-12 15:45:15,318 [Worker-40: Building] INFO  o.e.m.c.i.embedder.EclipseLogger - skip non existing resourceDirectory C:\Users\Administrator\eclipse-workspace\springboot-rest-api-sample\src\test\resources
2022-08-12 15:46:39,942 [Worker-40: Building] INFO  o.e.m.c.i.l.LifecycleMappingFactory - Using org.eclipse.m2e.jdt.JarLifecycleMapping lifecycle mapping for MavenProject: com.hackerrank.projects:springboot-rest-api-sample:1.0.0-SNAPSHOT @ C:\Users\Administrator\eclipse-workspace\springboot-rest-api-sample\pom.xml.
2022-08-12 15:46:40,224 [Worker-40: Building] INFO  o.e.m.c.i.embedder.EclipseLogger - Using 'UTF-8' encoding to copy filtered resources.
2022-08-12 15:46:40,225 [Worker-40: Building] INFO  o.e.m.c.i.embedder.EclipseLogger - Copying 0 resource
2022-08-12 15:46:40,227 [Worker-40: Building] INFO  o.e.m.c.i.embedder.EclipseLogger - Using 'UTF-8' encoding to copy filtered resources.
2022-08-12 15:46:40,227 [Worker-40: Building] INFO  o.e.m.c.i.embedder.EclipseLogger - skip non existing resourceDirectory C:\Users\Administrator\eclipse-workspace\springboot-rest-api-sample\src\test\resources
2022-08-12 15:47:23,867 [Worker-44: Building] INFO  o.e.m.c.i.l.LifecycleMappingFactory - Using org.eclipse.m2e.jdt.JarLifecycleMapping lifecycle mapping for MavenProject: com.hackerrank.projects:springboot-rest-api-sample:1.0.0-SNAPSHOT @ C:\Users\Administrator\eclipse-workspace\springboot-rest-api-sample\pom.xml.
2022-08-12 15:47:24,153 [Worker-44: Building] INFO  o.e.m.c.i.embedder.EclipseLogger - Using 'UTF-8' encoding to copy filtered resources.
2022-08-12 15:47:24,154 [Worker-44: Building] INFO  o.e.m.c.i.embedder.EclipseLogger - Copying 0 resource
2022-08-12 15:47:24,155 [Worker-44: Building] INFO  o.e.m.c.i.embedder.EclipseLogger - Using 'UTF-8' encoding to copy filtered resources.
2022-08-12 15:47:24,156 [Worker-44: Building] INFO  o.e.m.c.i.embedder.EclipseLogger - skip non existing resourceDirectory C:\Users\Administrator\eclipse-workspace\springboot-rest-api-sample\src\test\resources
2022-08-12 15:48:12,961 [Worker-40: Building] INFO  o.e.m.c.i.l.LifecycleMappingFactory - Using org.eclipse.m2e.jdt.JarLifecycleMapping lifecycle mapping for MavenProject: com.hackerrank.projects:springboot-rest-api-sample:1.0.0-SNAPSHOT @ C:\Users\Administrator\eclipse-workspace\springboot-rest-api-sample\pom.xml.
2022-08-12 15:48:13,227 [Worker-40: Building] INFO  o.e.m.c.i.embedder.EclipseLogger - Using 'UTF-8' encoding to copy filtered resources.
2022-08-12 15:48:13,228 [Worker-40: Building] INFO  o.e.m.c.i.embedder.EclipseLogger - Copying 0 resource
2022-08-12 15:48:13,230 [Worker-40: Building] INFO  o.e.m.c.i.embedder.EclipseLogger - Using 'UTF-8' encoding to copy filtered resources.
2022-08-12 15:48:13,230 [Worker-40: Building] INFO  o.e.m.c.i.embedder.EclipseLogger - skip non existing resourceDirectory C:\Users\Administrator\eclipse-workspace\springboot-rest-api-sample\src\test\resources
2022-08-12 15:48:14,620 [Worker-44: Building] INFO  o.e.m.c.i.embedder.EclipseLogger - Using 'UTF-8' encoding to copy filtered resources.
2022-08-12 15:48:14,620 [Worker-44: Building] INFO  o.e.m.c.i.embedder.EclipseLogger - Copying 1 resource
2022-08-12 15:48:14,628 [Worker-44: Building] INFO  o.e.m.c.i.embedder.EclipseLogger - Using 'UTF-8' encoding to copy filtered resources.
2022-08-12 15:48:14,629 [Worker-44: Building] INFO  o.e.m.c.i.embedder.EclipseLogger - skip non existing resourceDirectory C:\Users\Administrator\eclipse-workspace\springboot-rest-api-sample\src\test\resources
2022-08-12 15:48:49,329 [Worker-44: Building] INFO  o.e.m.c.i.embedder.EclipseLogger - Using 'UTF-8' encoding to copy filtered resources.
2022-08-12 15:48:49,329 [Worker-44: Building] INFO  o.e.m.c.i.embedder.EclipseLogger - Copying 1 resource
2022-08-12 15:48:49,332 [Worker-44: Building] INFO  o.e.m.c.i.embedder.EclipseLogger - Using 'UTF-8' encoding to copy filtered resources.
2022-08-12 15:48:49,332 [Worker-44: Building] INFO  o.e.m.c.i.embedder.EclipseLogger - skip non existing resourceDirectory C:\Users\Administrator\eclipse-workspace\springboot-rest-api-sample\src\test\resources
2022-08-12 15:49:31,787 [Worker-43: Building] INFO  o.e.m.c.i.embedder.EclipseLogger - Using 'UTF-8' encoding to copy filtered resources.
2022-08-12 15:49:31,787 [Worker-43: Building] INFO  o.e.m.c.i.embedder.EclipseLogger - Copying 1 resource
2022-08-12 15:49:31,789 [Worker-43: Building] INFO  o.e.m.c.i.embedder.EclipseLogger - Using 'UTF-8' encoding to copy filtered resources.
2022-08-12 15:49:31,789 [Worker-43: Building] INFO  o.e.m.c.i.embedder.EclipseLogger - skip non existing resourceDirectory C:\Users\Administrator\eclipse-workspace\springboot-rest-api-sample\src\test\resources
2022-08-12 15:52:32,897 [Worker-43: Building] INFO  o.e.m.c.i.embedder.EclipseLogger - Using 'UTF-8' encoding to copy filtered resources.
2022-08-12 15:52:32,898 [Worker-43: Building] INFO  o.e.m.c.i.embedder.EclipseLogger - Copying 1 resource
2022-08-12 15:52:32,902 [Worker-43: Building] INFO  o.e.m.c.i.embedder.EclipseLogger - Using 'UTF-8' encoding to copy filtered resources.
2022-08-12 15:52:32,902 [Worker-43: Building] INFO  o.e.m.c.i.embedder.EclipseLogger - skip non existing resourceDirectory C:\Users\Administrator\eclipse-workspace\springboot-rest-api-sample\src\test\resources
2022-08-12 15:53:33,458 [Worker-44: Building] INFO  o.e.m.c.i.embedder.EclipseLogger - Using 'UTF-8' encoding to copy filtered resources.
2022-08-12 15:53:33,458 [Worker-44: Building] INFO  o.e.m.c.i.embedder.EclipseLogger - Copying 1 resource
2022-08-12 15:53:33,459 [Worker-44: Building] INFO  o.e.m.c.i.embedder.EclipseLogger - Using 'UTF-8' encoding to copy filtered resources.
2022-08-12 15:53:33,459 [Worker-44: Building] INFO  o.e.m.c.i.embedder.EclipseLogger - skip non existing resourceDirectory C:\Users\Administrator\eclipse-workspace\springboot-rest-api-sample\src\test\resources
2022-08-12 15:53:56,473 [Worker-43: Building] INFO  o.e.m.c.i.embedder.EclipseLogger - Using 'UTF-8' encoding to copy filtered resources.
2022-08-12 15:53:56,474 [Worker-43: Building] INFO  o.e.m.c.i.embedder.EclipseLogger - Copying 1 resource
2022-08-12 15:53:56,476 [Worker-43: Building] INFO  o.e.m.c.i.embedder.EclipseLogger - Using 'UTF-8' encoding to copy filtered resources.
2022-08-12 15:53:56,476 [Worker-43: Building] INFO  o.e.m.c.i.embedder.EclipseLogger - skip non existing resourceDirectory C:\Users\Administrator\eclipse-workspace\springboot-rest-api-sample\src\test\resources
2022-08-12 15:58:36,535 [Worker-45: Building] INFO  o.e.m.c.i.embedder.EclipseLogger - Using 'UTF-8' encoding to copy filtered resources.
2022-08-12 15:58:36,536 [Worker-45: Building] INFO  o.e.m.c.i.embedder.EclipseLogger - Copying 1 resource
2022-08-12 15:58:36,537 [Worker-45: Building] INFO  o.e.m.c.i.embedder.EclipseLogger - Using 'UTF-8' encoding to copy filtered resources.
2022-08-12 15:58:36,537 [Worker-45: Building] INFO  o.e.m.c.i.embedder.EclipseLogger - skip non existing resourceDirectory C:\Users\Administrator\eclipse-workspace\springboot-rest-api-sample\src\test\resources
2022-08-12 15:58:59,387 [Worker-46: Building] INFO  o.e.m.c.i.embedder.EclipseLogger - Using 'UTF-8' encoding to copy filtered resources.
2022-08-12 15:58:59,388 [Worker-46: Building] INFO  o.e.m.c.i.embedder.EclipseLogger - Copying 1 resource
2022-08-12 15:58:59,390 [Worker-46: Building] INFO  o.e.m.c.i.embedder.EclipseLogger - Using 'UTF-8' encoding to copy filtered resources.
2022-08-12 15:58:59,390 [Worker-46: Building] INFO  o.e.m.c.i.embedder.EclipseLogger - skip non existing resourceDirectory C:\Users\Administrator\eclipse-workspace\springboot-rest-api-sample\src\test\resources
2022-08-12 16:12:09,063 [Worker-53: Building] INFO  o.e.m.c.i.embedder.EclipseLogger - Using 'UTF-8' encoding to copy filtered resources.
2022-08-12 16:12:09,064 [Worker-53: Building] INFO  o.e.m.c.i.embedder.EclipseLogger - Copying 1 resource
2022-08-12 16:12:09,066 [Worker-53: Building] INFO  o.e.m.c.i.embedder.EclipseLogger - Using 'UTF-8' encoding to copy filtered resources.
2022-08-12 16:12:09,066 [Worker-53: Building] INFO  o.e.m.c.i.embedder.EclipseLogger - skip non existing resourceDirectory C:\Users\Administrator\eclipse-workspace\springboot-rest-api-sample\src\test\resources
2022-08-12 16:16:20,822 [Worker-56: Building] INFO  o.e.m.c.i.embedder.EclipseLogger - Using 'UTF-8' encoding to copy filtered resources.
2022-08-12 16:16:20,824 [Worker-56: Building] INFO  o.e.m.c.i.embedder.EclipseLogger - Copying 1 resource
2022-08-12 16:16:20,830 [Worker-56: Building] INFO  o.e.m.c.i.embedder.EclipseLogger - Using 'UTF-8' encoding to copy filtered resources.
2022-08-12 16:16:20,831 [Worker-56: Building] INFO  o.e.m.c.i.embedder.EclipseLogger - skip non existing resourceDirectory C:\Users\Administrator\eclipse-workspace\springboot-rest-api-sample\src\test\resources
2022-08-12 16:22:30,984 [Worker-58: Building] INFO  o.e.m.c.i.embedder.EclipseLogger - Using 'UTF-8' encoding to copy filtered resources.
2022-08-12 16:22:30,984 [Worker-58: Building] INFO  o.e.m.c.i.embedder.EclipseLogger - Copying 1 resource
2022-08-12 16:22:30,986 [Worker-58: Building] INFO  o.e.m.c.i.embedder.EclipseLogger - Using 'UTF-8' encoding to copy filtered resources.
2022-08-12 16:22:30,986 [Worker-58: Building] INFO  o.e.m.c.i.embedder.EclipseLogger - skip non existing resourceDirectory C:\Users\Administrator\eclipse-workspace\springboot-rest-api-sample\src\test\resources
2022-08-12 16:33:26,696 [Worker-68: Building] INFO  o.e.m.c.i.embedder.EclipseLogger - Using 'UTF-8' encoding to copy filtered resources.
2022-08-12 16:33:26,697 [Worker-68: Building] INFO  o.e.m.c.i.embedder.EclipseLogger - Copying 1 resource
2022-08-12 16:33:26,698 [Worker-68: Building] INFO  o.e.m.c.i.embedder.EclipseLogger - Using 'UTF-8' encoding to copy filtered resources.
2022-08-12 16:33:26,698 [Worker-68: Building] INFO  o.e.m.c.i.embedder.EclipseLogger - skip non existing resourceDirectory C:\Users\Administrator\eclipse-workspace\springboot-rest-api-sample\src\test\resources
2022-08-12 16:42:36,597 [Worker-77: Launching Application] INFO  o.e.m.c.i.embedder.EclipseLogger - Using 'UTF-8' encoding to copy filtered resources.
2022-08-12 16:42:36,599 [Worker-77: Launching Application] INFO  o.e.m.c.i.embedder.EclipseLogger - Copying 1 resource
2022-08-12 16:42:36,601 [Worker-77: Launching Application] INFO  o.e.m.c.i.embedder.EclipseLogger - Using 'UTF-8' encoding to copy filtered resources.
2022-08-12 16:42:36,601 [Worker-77: Launching Application] INFO  o.e.m.c.i.embedder.EclipseLogger - skip non existing resourceDirectory C:\Users\Administrator\eclipse-workspace\springboot-rest-api-sample\src\test\resources
2022-08-12 16:44:42,612 [Worker-76: Building] INFO  o.e.m.c.i.embedder.EclipseLogger - Using 'UTF-8' encoding to copy filtered resources.
2022-08-12 16:44:42,614 [Worker-76: Building] INFO  o.e.m.c.i.embedder.EclipseLogger - Copying 1 resource
2022-08-12 16:44:42,616 [Worker-76: Building] INFO  o.e.m.c.i.embedder.EclipseLogger - Using 'UTF-8' encoding to copy filtered resources.
2022-08-12 16:44:42,616 [Worker-76: Building] INFO  o.e.m.c.i.embedder.EclipseLogger - skip non existing resourceDirectory C:\Users\Administrator\eclipse-workspace\springboot-rest-api-sample\src\test\resources
2022-08-12 16:48:44,949 [Worker-79: Building] INFO  o.e.m.c.i.embedder.EclipseLogger - Using 'UTF-8' encoding to copy filtered resources.
2022-08-12 16:48:44,950 [Worker-79: Building] INFO  o.e.m.c.i.embedder.EclipseLogger - Copying 1 resource
2022-08-12 16:48:44,952 [Worker-79: Building] INFO  o.e.m.c.i.embedder.EclipseLogger - Using 'UTF-8' encoding to copy filtered resources.
2022-08-12 16:48:44,952 [Worker-79: Building] INFO  o.e.m.c.i.embedder.EclipseLogger - skip non existing resourceDirectory C:\Users\Administrator\eclipse-workspace\springboot-rest-api-sample\src\test\resources
2022-08-12 16:49:56,794 [Worker-82: Building] INFO  o.e.m.c.i.embedder.EclipseLogger - Using 'UTF-8' encoding to copy filtered resources.
2022-08-12 16:49:56,794 [Worker-82: Building] INFO  o.e.m.c.i.embedder.EclipseLogger - Copying 1 resource
2022-08-12 16:49:56,796 [Worker-82: Building] INFO  o.e.m.c.i.embedder.EclipseLogger - Using 'UTF-8' encoding to copy filtered resources.
2022-08-12 16:49:56,796 [Worker-82: Building] INFO  o.e.m.c.i.embedder.EclipseLogger - skip non existing resourceDirectory C:\Users\Administrator\eclipse-workspace\springboot-rest-api-sample\src\test\resources
2022-08-12 16:50:59,739 [Worker-79: Building] INFO  o.e.m.c.i.embedder.EclipseLogger - Using 'UTF-8' encoding to copy filtered resources.
2022-08-12 16:50:59,739 [Worker-79: Building] INFO  o.e.m.c.i.embedder.EclipseLogger - Copying 1 resource
2022-08-12 16:50:59,741 [Worker-79: Building] INFO  o.e.m.c.i.embedder.EclipseLogger - Using 'UTF-8' encoding to copy filtered resources.
2022-08-12 16:50:59,741 [Worker-79: Building] INFO  o.e.m.c.i.embedder.EclipseLogger - skip non existing resourceDirectory C:\Users\Administrator\eclipse-workspace\springboot-rest-api-sample\src\test\resources
2022-08-12 16:54:02,518 [Worker-87: Building] INFO  o.e.m.c.i.embedder.EclipseLogger - Using 'UTF-8' encoding to copy filtered resources.
2022-08-12 16:54:02,519 [Worker-87: Building] INFO  o.e.m.c.i.embedder.EclipseLogger - Copying 1 resource
2022-08-12 16:54:02,521 [Worker-87: Building] INFO  o.e.m.c.i.embedder.EclipseLogger - Using 'UTF-8' encoding to copy filtered resources.
2022-08-12 16:54:02,522 [Worker-87: Building] INFO  o.e.m.c.i.embedder.EclipseLogger - skip non existing resourceDirectory C:\Users\Administrator\eclipse-workspace\springboot-rest-api-sample\src\test\resources
2022-08-12 16:54:50,965 [Worker-84: Building] INFO  o.e.m.c.i.embedder.EclipseLogger - Using 'UTF-8' encoding to copy filtered resources.
2022-08-12 16:54:50,965 [Worker-84: Building] INFO  o.e.m.c.i.embedder.EclipseLogger - Copying 1 resource
2022-08-12 16:54:50,968 [Worker-84: Building] INFO  o.e.m.c.i.embedder.EclipseLogger - Using 'UTF-8' encoding to copy filtered resources.
2022-08-12 16:54:50,968 [Worker-84: Building] INFO  o.e.m.c.i.embedder.EclipseLogger - skip non existing resourceDirectory C:\Users\Administrator\eclipse-workspace\springboot-rest-api-sample\src\test\resources
2022-08-12 16:55:23,930 [Worker-86: Building] INFO  o.e.m.c.i.embedder.EclipseLogger - Using 'UTF-8' encoding to copy filtered resources.
2022-08-12 16:55:23,931 [Worker-86: Building] INFO  o.e.m.c.i.embedder.EclipseLogger - Copying 1 resource
2022-08-12 16:55:23,933 [Worker-86: Building] INFO  o.e.m.c.i.embedder.EclipseLogger - Using 'UTF-8' encoding to copy filtered resources.
2022-08-12 16:55:23,933 [Worker-86: Building] INFO  o.e.m.c.i.embedder.EclipseLogger - skip non existing resourceDirectory C:\Users\Administrator\eclipse-workspace\springboot-rest-api-sample\src\test\resources
2022-08-12 16:55:57,283 [Worker-88: Building] INFO  o.e.m.c.i.embedder.EclipseLogger - Using 'UTF-8' encoding to copy filtered resources.
2022-08-12 16:55:57,283 [Worker-88: Building] INFO  o.e.m.c.i.embedder.EclipseLogger - Copying 1 resource
2022-08-12 16:55:57,286 [Worker-88: Building] INFO  o.e.m.c.i.embedder.EclipseLogger - Using 'UTF-8' encoding to copy filtered resources.
2022-08-12 16:55:57,286 [Worker-88: Building] INFO  o.e.m.c.i.embedder.EclipseLogger - skip non existing resourceDirectory C:\Users\Administrator\eclipse-workspace\springboot-rest-api-sample\src\test\resources
2022-08-12 17:02:59,789 [Worker-90: Building] INFO  o.e.m.c.i.l.LifecycleMappingFactory - Using org.eclipse.m2e.jdt.JarLifecycleMapping lifecycle mapping for MavenProject: com.hackerrank.projects:springboot-rest-api-sample:1.0.0-SNAPSHOT @ C:\Users\Administrator\eclipse-workspace\springboot-rest-api-sample\pom.xml.
2022-08-12 17:03:00,176 [Worker-90: Building] INFO  o.e.m.c.i.embedder.EclipseLogger - Using 'UTF-8' encoding to copy filtered resources.
2022-08-12 17:03:00,177 [Worker-90: Building] INFO  o.e.m.c.i.embedder.EclipseLogger - Copying 0 resource
2022-08-12 17:03:00,178 [Worker-90: Building] INFO  o.e.m.c.i.embedder.EclipseLogger - Using 'UTF-8' encoding to copy filtered resources.
2022-08-12 17:03:00,179 [Worker-90: Building] INFO  o.e.m.c.i.embedder.EclipseLogger - skip non existing resourceDirectory C:\Users\Administrator\eclipse-workspace\springboot-rest-api-sample\src\test\resources
2022-08-12 17:03:58,424 [Worker-90: Building] INFO  o.e.m.c.i.embedder.EclipseLogger - Using 'UTF-8' encoding to copy filtered resources.
2022-08-12 17:03:58,425 [Worker-90: Building] INFO  o.e.m.c.i.embedder.EclipseLogger - Copying 1 resource
2022-08-12 17:03:58,433 [Worker-90: Building] INFO  o.e.m.c.i.embedder.EclipseLogger - Using 'UTF-8' encoding to copy filtered resources.
2022-08-12 17:03:58,434 [Worker-90: Building] INFO  o.e.m.c.i.embedder.EclipseLogger - skip non existing resourceDirectory C:\Users\Administrator\eclipse-workspace\springboot-rest-api-sample\src\test\resources
2022-08-12 17:06:22,697 [Worker-6: Loading available Gradle versions] INFO  o.e.b.c.i.u.g.PublishedGradleVersions - Gradle version information cache is up-to-date. Trying to read.
2022-08-12 17:23:57,250 [Worker-36: Launching Tomcat v10.0 Server at localhost] INFO  o.e.m.c.i.embedder.EclipseLogger - Using 'UTF-8' encoding to copy filtered resources.
2022-08-12 17:23:57,258 [Worker-36: Launching Tomcat v10.0 Server at localhost] INFO  o.e.m.c.i.embedder.EclipseLogger - Copying 1 resource
2022-08-12 17:23:57,271 [Worker-36: Launching Tomcat v10.0 Server at localhost] INFO  o.e.m.c.i.embedder.EclipseLogger - Using 'UTF-8' encoding to copy filtered resources.
2022-08-12 17:23:57,271 [Worker-36: Launching Tomcat v10.0 Server at localhost] INFO  o.e.m.c.i.embedder.EclipseLogger - skip non existing resourceDirectory C:\Users\Administrator\eclipse-workspace\springboot-rest-api-sample\src\test\resources
2022-08-12 17:30:26,735 [Worker-35: Building] INFO  o.e.m.c.i.embedder.EclipseLogger - Using 'UTF-8' encoding to copy filtered resources.
2022-08-12 17:30:26,739 [Worker-35: Building] INFO  o.e.m.c.i.embedder.EclipseLogger - Copying 1 resource
2022-08-12 17:30:26,741 [Worker-35: Building] INFO  o.e.m.c.i.embedder.EclipseLogger - Using 'UTF-8' encoding to copy filtered resources.
2022-08-12 17:30:26,741 [Worker-35: Building] INFO  o.e.m.c.i.embedder.EclipseLogger - skip non existing resourceDirectory C:\Users\Administrator\eclipse-workspace\springboot-rest-api-sample\src\test\resources
2022-08-12 18:42:44,484 [Worker-9: Loading available Gradle versions] INFO  o.e.b.c.i.u.g.PublishedGradleVersions - Gradle version information cache is up-to-date. Trying to read.
2022-08-12 18:59:29,093 [Worker-25: Building] INFO  o.e.m.c.i.embedder.EclipseLogger - Using 'UTF-8' encoding to copy filtered resources.
2022-08-12 18:59:29,097 [Worker-25: Building] INFO  o.e.m.c.i.embedder.EclipseLogger - Copying 1 resource
2022-08-12 18:59:29,105 [Worker-25: Building] INFO  o.e.m.c.i.embedder.EclipseLogger - Using 'UTF-8' encoding to copy filtered resources.
2022-08-12 18:59:29,106 [Worker-25: Building] INFO  o.e.m.c.i.embedder.EclipseLogger - skip non existing resourceDirectory C:\Users\Administrator\eclipse-workspace\springboot-rest-api-sample\src\test\resources
2022-08-12 19:17:51,437 [Worker-23: Building] INFO  o.e.m.c.i.embedder.EclipseLogger - Using 'UTF-8' encoding to copy filtered resources.
2022-08-12 19:17:51,440 [Worker-23: Building] INFO  o.e.m.c.i.embedder.EclipseLogger - Copying 1 resource
2022-08-12 19:17:51,442 [Worker-23: Building] INFO  o.e.m.c.i.embedder.EclipseLogger - Using 'UTF-8' encoding to copy filtered resources.
2022-08-12 19:17:51,442 [Worker-23: Building] INFO  o.e.m.c.i.embedder.EclipseLogger - skip non existing resourceDirectory C:\Users\Administrator\eclipse-workspace\springboot-rest-api-sample\src\test\resources
2022-08-12 19:20:00,015 [Worker-15: Building] INFO  o.e.m.c.i.embedder.EclipseLogger - Using 'UTF-8' encoding to copy filtered resources.
2022-08-12 19:20:00,016 [Worker-15: Building] INFO  o.e.m.c.i.embedder.EclipseLogger - Copying 1 resource
2022-08-12 19:20:00,018 [Worker-15: Building] INFO  o.e.m.c.i.embedder.EclipseLogger - Using 'UTF-8' encoding to copy filtered resources.
2022-08-12 19:20:00,019 [Worker-15: Building] INFO  o.e.m.c.i.embedder.EclipseLogger - skip non existing resourceDirectory C:\Users\Administrator\eclipse-workspace\springboot-rest-api-sample\src\test\resources
2022-08-12 19:24:12,090 [Worker-15: Launching Application] INFO  o.e.m.c.i.embedder.EclipseLogger - Using 'UTF-8' encoding to copy filtered resources.
2022-08-12 19:24:12,091 [Worker-15: Launching Application] INFO  o.e.m.c.i.embedder.EclipseLogger - Copying 1 resource
2022-08-12 19:24:12,094 [Worker-15: Launching Application] INFO  o.e.m.c.i.embedder.EclipseLogger - Using 'UTF-8' encoding to copy filtered resources.
2022-08-12 19:24:12,094 [Worker-15: Launching Application] INFO  o.e.m.c.i.embedder.EclipseLogger - skip non existing resourceDirectory C:\Users\Administrator\eclipse-workspace\springboot-rest-api-sample\src\test\resources
2022-08-12 19:27:03,362 [Worker-39: Launching Application] INFO  o.e.m.c.i.embedder.EclipseLogger - Using 'UTF-8' encoding to copy filtered resources.
2022-08-12 19:27:03,364 [Worker-39: Launching Application] INFO  o.e.m.c.i.embedder.EclipseLogger - Copying 1 resource
2022-08-12 19:27:03,366 [Worker-39: Launching Application] INFO  o.e.m.c.i.embedder.EclipseLogger - Using 'UTF-8' encoding to copy filtered resources.
2022-08-12 19:27:03,366 [Worker-39: Launching Application] INFO  o.e.m.c.i.embedder.EclipseLogger - skip non existing resourceDirectory C:\Users\Administrator\eclipse-workspace\springboot-rest-api-sample\src\test\resources
2022-08-12 19:37:49,483 [Worker-23: Building] INFO  o.e.m.c.i.embedder.EclipseLogger - Using 'UTF-8' encoding to copy filtered resources.
2022-08-12 19:37:49,484 [Worker-23: Building] INFO  o.e.m.c.i.embedder.EclipseLogger - Copying 1 resource
2022-08-12 19:37:49,486 [Worker-23: Building] INFO  o.e.m.c.i.embedder.EclipseLogger - Using 'UTF-8' encoding to copy filtered resources.
2022-08-12 19:37:49,486 [Worker-23: Building] INFO  o.e.m.c.i.embedder.EclipseLogger - skip non existing resourceDirectory C:\Users\Administrator\eclipse-workspace\springboot-rest-api-sample\src\test\resources
2022-08-12 19:42:19,876 [Worker-46: Building] INFO  o.e.m.c.i.embedder.EclipseLogger - Using 'UTF-8' encoding to copy filtered resources.
2022-08-12 19:42:19,877 [Worker-46: Building] INFO  o.e.m.c.i.embedder.EclipseLogger - Copying 1 resource
2022-08-12 19:42:19,880 [Worker-46: Building] INFO  o.e.m.c.i.embedder.EclipseLogger - Using 'UTF-8' encoding to copy filtered resources.
2022-08-12 19:42:19,881 [Worker-46: Building] INFO  o.e.m.c.i.embedder.EclipseLogger - skip non existing resourceDirectory C:\Users\Administrator\eclipse-workspace\springboot-rest-api-sample\src\test\resources
2022-08-12 19:45:29,079 [Worker-23: Building] INFO  o.e.m.c.i.embedder.EclipseLogger - Using 'UTF-8' encoding to copy filtered resources.
2022-08-12 19:45:29,080 [Worker-23: Building] INFO  o.e.m.c.i.embedder.EclipseLogger - Copying 1 resource
2022-08-12 19:45:29,082 [Worker-23: Building] INFO  o.e.m.c.i.embedder.EclipseLogger - Using 'UTF-8' encoding to copy filtered resources.
2022-08-12 19:45:29,083 [Worker-23: Building] INFO  o.e.m.c.i.embedder.EclipseLogger - skip non existing resourceDirectory C:\Users\Administrator\eclipse-workspace\springboot-rest-api-sample\src\test\resources
2022-08-12 19:49:38,482 [Worker-50: Building] INFO  o.e.m.c.i.embedder.EclipseLogger - Using 'UTF-8' encoding to copy filtered resources.
2022-08-12 19:49:38,483 [Worker-50: Building] INFO  o.e.m.c.i.embedder.EclipseLogger - Copying 1 resource
2022-08-12 19:49:38,484 [Worker-50: Building] INFO  o.e.m.c.i.embedder.EclipseLogger - Using 'UTF-8' encoding to copy filtered resources.
2022-08-12 19:49:38,484 [Worker-50: Building] INFO  o.e.m.c.i.embedder.EclipseLogger - skip non existing resourceDirectory C:\Users\Administrator\eclipse-workspace\springboot-rest-api-sample\src\test\resources
2022-08-12 19:51:53,449 [Worker-52: Building] INFO  o.e.m.c.i.embedder.EclipseLogger - Using 'UTF-8' encoding to copy filtered resources.
2022-08-12 19:51:53,449 [Worker-52: Building] INFO  o.e.m.c.i.embedder.EclipseLogger - Copying 1 resource
2022-08-12 19:51:53,451 [Worker-52: Building] INFO  o.e.m.c.i.embedder.EclipseLogger - Using 'UTF-8' encoding to copy filtered resources.
2022-08-12 19:51:53,451 [Worker-52: Building] INFO  o.e.m.c.i.embedder.EclipseLogger - skip non existing resourceDirectory C:\Users\Administrator\eclipse-workspace\springboot-rest-api-sample\src\test\resources
2022-08-12 19:52:52,393 [Worker-49: Launching Application] INFO  o.e.m.c.i.embedder.EclipseLogger - Using 'UTF-8' encoding to copy filtered resources.
2022-08-12 19:52:52,394 [Worker-49: Launching Application] INFO  o.e.m.c.i.embedder.EclipseLogger - Copying 1 resource
2022-08-12 19:52:52,395 [Worker-49: Launching Application] INFO  o.e.m.c.i.embedder.EclipseLogger - Using 'UTF-8' encoding to copy filtered resources.
2022-08-12 19:52:52,395 [Worker-49: Launching Application] INFO  o.e.m.c.i.embedder.EclipseLogger - skip non existing resourceDirectory C:\Users\Administrator\eclipse-workspace\springboot-rest-api-sample\src\test\resources
2022-08-12 19:54:11,822 [Worker-49: Building] INFO  o.e.m.c.i.embedder.EclipseLogger - Using 'UTF-8' encoding to copy filtered resources.
2022-08-12 19:54:11,824 [Worker-49: Building] INFO  o.e.m.c.i.embedder.EclipseLogger - Copying 1 resource
2022-08-12 19:54:11,827 [Worker-49: Building] INFO  o.e.m.c.i.embedder.EclipseLogger - Using 'UTF-8' encoding to copy filtered resources.
2022-08-12 19:54:11,828 [Worker-49: Building] INFO  o.e.m.c.i.embedder.EclipseLogger - skip non existing resourceDirectory C:\Users\Administrator\eclipse-workspace\springboot-rest-api-sample\src\test\resources
2022-08-12 19:54:44,547 [Worker-53: Building] INFO  o.e.m.c.i.embedder.EclipseLogger - Using 'UTF-8' encoding to copy filtered resources.
2022-08-12 19:54:44,547 [Worker-53: Building] INFO  o.e.m.c.i.embedder.EclipseLogger - Copying 1 resource
2022-08-12 19:54:44,548 [Worker-53: Building] INFO  o.e.m.c.i.embedder.EclipseLogger - Using 'UTF-8' encoding to copy filtered resources.
2022-08-12 19:54:44,548 [Worker-53: Building] INFO  o.e.m.c.i.embedder.EclipseLogger - skip non existing resourceDirectory C:\Users\Administrator\eclipse-workspace\springboot-rest-api-sample\src\test\resources
2022-08-24 13:00:02,974 [Worker-6: Loading available Gradle versions] INFO  o.e.b.c.i.u.g.PublishedGradleVersions - Gradle version information cache is out-of-date. Trying to update.
2022-08-24 13:05:38,040 [Worker-15: Building] INFO  o.e.m.c.i.embedder.EclipseLogger - Using 'UTF-8' encoding to copy filtered resources.
2022-08-24 13:05:38,043 [Worker-15: Building] INFO  o.e.m.c.i.embedder.EclipseLogger - Copying 1 resource
2022-08-24 13:05:38,051 [Worker-15: Building] INFO  o.e.m.c.i.embedder.EclipseLogger - Using 'UTF-8' encoding to copy filtered resources.
2022-08-24 13:05:38,052 [Worker-15: Building] INFO  o.e.m.c.i.embedder.EclipseLogger - skip non existing resourceDirectory C:\Users\Administrator\eclipse-workspace\springboot-rest-api-sample\src\test\resources
2022-08-24 13:14:22,713 [Worker-33: Building] INFO  o.e.m.c.i.embedder.EclipseLogger - Using 'UTF-8' encoding to copy filtered resources.
2022-08-24 13:14:22,714 [Worker-33: Building] INFO  o.e.m.c.i.embedder.EclipseLogger - Copying 1 resource
2022-08-24 13:14:22,717 [Worker-33: Building] INFO  o.e.m.c.i.embedder.EclipseLogger - Using 'UTF-8' encoding to copy filtered resources.
2022-08-24 13:14:22,717 [Worker-33: Building] INFO  o.e.m.c.i.embedder.EclipseLogger - skip non existing resourceDirectory C:\Users\Administrator\eclipse-workspace\springboot-rest-api-sample\src\test\resources
2022-08-24 14:14:01,777 [Worker-51: Building] INFO  o.e.m.c.i.embedder.EclipseLogger - Using 'UTF-8' encoding to copy filtered resources.
2022-08-24 14:14:01,778 [Worker-51: Building] INFO  o.e.m.c.i.embedder.EclipseLogger - Copying 1 resource
2022-08-24 14:14:01,781 [Worker-51: Building] INFO  o.e.m.c.i.embedder.EclipseLogger - Using 'UTF-8' encoding to copy filtered resources.
2022-08-24 14:14:01,781 [Worker-51: Building] INFO  o.e.m.c.i.embedder.EclipseLogger - skip non existing resourceDirectory C:\Users\Administrator\eclipse-workspace\springboot-rest-api-sample\src\test\resources
2022-08-24 14:49:47,360 [Worker-75: Building] INFO  o.e.m.c.i.l.LifecycleMappingFactory - Using org.eclipse.m2e.jdt.JarLifecycleMapping lifecycle mapping for MavenProject: com.hackerrank.projects:springboot-rest-api-sample:1.0.0-SNAPSHOT @ C:\Users\Administrator\eclipse-workspace\springboot-rest-api-sample\pom.xml.
2022-08-24 14:49:48,049 [Worker-75: Building] INFO  o.e.m.c.i.embedder.EclipseLogger - Using 'UTF-8' encoding to copy filtered resources.
2022-08-24 14:49:48,050 [Worker-75: Building] INFO  o.e.m.c.i.embedder.EclipseLogger - Copying 0 resource
2022-08-24 14:49:48,053 [Worker-75: Building] INFO  o.e.m.c.i.embedder.EclipseLogger - Not copying test resources
2022-08-24 14:54:54,343 [Worker-5: Loading available Gradle versions] INFO  o.e.b.c.i.u.g.PublishedGradleVersions - Gradle version information cache is up-to-date. Trying to read.
2022-08-24 14:55:33,348 [Worker-0: Building] INFO  o.e.m.c.i.embedder.EclipseLogger - Using 'UTF-8' encoding to copy filtered resources.
2022-08-24 14:55:33,354 [Worker-0: Building] INFO  o.e.m.c.i.embedder.EclipseLogger - Copying 1 resource
2022-08-24 14:55:33,362 [Worker-0: Building] INFO  o.e.m.c.i.embedder.EclipseLogger - Not copying test resources
2022-08-24 15:05:32,918 [Worker-0: Loading available Gradle versions] INFO  o.e.b.c.i.u.g.PublishedGradleVersions - Gradle version information cache is up-to-date. Trying to read.
2022-08-24 15:06:04,882 [Worker-3: Loading available Gradle versions] INFO  o.e.b.c.i.u.g.PublishedGradleVersions - Gradle version information cache is up-to-date. Trying to read.
2022-08-24 15:06:38,702 [Worker-3: Building] INFO  o.e.m.c.i.embedder.EclipseLogger - Using 'UTF-8' encoding to copy filtered resources.
2022-08-24 15:06:38,716 [Worker-3: Building] INFO  o.e.m.c.i.embedder.EclipseLogger - Copying 1 resource
2022-08-24 15:06:38,742 [Worker-3: Building] INFO  o.e.m.c.i.embedder.EclipseLogger - Not copying test resources
2022-08-24 15:07:04,187 [Worker-0: Building] INFO  o.e.m.c.i.embedder.EclipseLogger - Using 'UTF-8' encoding to copy filtered resources.
2022-08-24 15:07:04,190 [Worker-0: Building] INFO  o.e.m.c.i.embedder.EclipseLogger - Copying 1 resource
2022-08-24 15:07:04,195 [Worker-0: Building] INFO  o.e.m.c.i.embedder.EclipseLogger - Not copying test resources
2022-08-24 15:08:10,802 [Worker-0: Building] INFO  o.e.m.c.i.embedder.EclipseLogger - Using 'UTF-8' encoding to copy filtered resources.
2022-08-24 15:08:10,804 [Worker-0: Building] INFO  o.e.m.c.i.embedder.EclipseLogger - Copying 1 resource
2022-08-24 15:08:10,807 [Worker-0: Building] INFO  o.e.m.c.i.embedder.EclipseLogger - Not copying test resources
2022-08-24 15:09:25,965 [Worker-20: Building] INFO  o.e.m.c.i.embedder.EclipseLogger - Using 'UTF-8' encoding to copy filtered resources.
2022-08-24 15:09:25,966 [Worker-20: Building] INFO  o.e.m.c.i.embedder.EclipseLogger - Copying 1 resource
2022-08-24 15:09:25,970 [Worker-20: Building] INFO  o.e.m.c.i.embedder.EclipseLogger - Not copying test resources
2022-08-24 15:11:19,824 [Worker-20: Building] INFO  o.e.m.c.i.embedder.EclipseLogger - Using 'UTF-8' encoding to copy filtered resources.
2022-08-24 15:11:19,825 [Worker-20: Building] INFO  o.e.m.c.i.embedder.EclipseLogger - Copying 1 resource
2022-08-24 15:11:19,828 [Worker-20: Building] INFO  o.e.m.c.i.embedder.EclipseLogger - Not copying test resources
2022-08-24 15:13:38,206 [Worker-14: Building] INFO  o.e.m.c.i.embedder.EclipseLogger - Using 'UTF-8' encoding to copy filtered resources.
2022-08-24 15:13:38,206 [Worker-14: Building] INFO  o.e.m.c.i.embedder.EclipseLogger - Copying 1 resource
2022-08-24 15:13:38,210 [Worker-14: Building] INFO  o.e.m.c.i.embedder.EclipseLogger - Not copying test resources
2022-08-24 15:13:51,569 [Worker-22: Building] INFO  o.e.m.c.i.embedder.EclipseLogger - Using 'UTF-8' encoding to copy filtered resources.
2022-08-24 15:13:51,570 [Worker-22: Building] INFO  o.e.m.c.i.embedder.EclipseLogger - Copying 1 resource
2022-08-24 15:13:51,575 [Worker-22: Building] INFO  o.e.m.c.i.embedder.EclipseLogger - Not copying test resources
2022-08-24 15:14:05,659 [Worker-14: Building] INFO  o.e.m.c.i.embedder.EclipseLogger - Using 'UTF-8' encoding to copy filtered resources.
2022-08-24 15:14:05,660 [Worker-14: Building] INFO  o.e.m.c.i.embedder.EclipseLogger - Copying 1 resource
2022-08-24 15:14:05,664 [Worker-14: Building] INFO  o.e.m.c.i.embedder.EclipseLogger - Not copying test resources
2022-08-24 15:14:40,070 [Worker-14: Building] INFO  o.e.m.c.i.embedder.EclipseLogger - Using 'UTF-8' encoding to copy filtered resources.
2022-08-24 15:14:40,071 [Worker-14: Building] INFO  o.e.m.c.i.embedder.EclipseLogger - Copying 1 resource
2022-08-24 15:14:40,074 [Worker-14: Building] INFO  o.e.m.c.i.embedder.EclipseLogger - Not copying test resources
2022-08-24 15:14:53,633 [Worker-6: Building] INFO  o.e.m.c.i.embedder.EclipseLogger - Using 'UTF-8' encoding to copy filtered resources.
2022-08-24 15:14:53,634 [Worker-6: Building] INFO  o.e.m.c.i.embedder.EclipseLogger - Copying 1 resource
2022-08-24 15:14:53,638 [Worker-6: Building] INFO  o.e.m.c.i.embedder.EclipseLogger - Not copying test resources
2022-08-24 15:15:02,636 [Worker-14: Building] INFO  o.e.m.c.i.embedder.EclipseLogger - Using 'UTF-8' encoding to copy filtered resources.
2022-08-24 15:15:02,637 [Worker-14: Building] INFO  o.e.m.c.i.embedder.EclipseLogger - Copying 1 resource
2022-08-24 15:15:02,640 [Worker-14: Building] INFO  o.e.m.c.i.embedder.EclipseLogger - Not copying test resources
2022-08-24 15:15:11,030 [Worker-14: Building] INFO  o.e.m.c.i.embedder.EclipseLogger - Using 'UTF-8' encoding to copy filtered resources.
2022-08-24 15:15:11,030 [Worker-14: Building] INFO  o.e.m.c.i.embedder.EclipseLogger - Copying 1 resource
2022-08-24 15:15:11,034 [Worker-14: Building] INFO  o.e.m.c.i.embedder.EclipseLogger - Not copying test resources
2022-08-24 15:15:27,466 [Worker-22: Building] INFO  o.e.m.c.i.embedder.EclipseLogger - Using 'UTF-8' encoding to copy filtered resources.
2022-08-24 15:15:27,466 [Worker-22: Building] INFO  o.e.m.c.i.embedder.EclipseLogger - Copying 1 resource
2022-08-24 15:15:27,468 [Worker-22: Building] INFO  o.e.m.c.i.embedder.EclipseLogger - Not copying test resources
2022-08-24 15:15:36,722 [Worker-22: Building] INFO  o.e.m.c.i.embedder.EclipseLogger - Using 'UTF-8' encoding to copy filtered resources.
2022-08-24 15:15:36,723 [Worker-22: Building] INFO  o.e.m.c.i.embedder.EclipseLogger - Copying 1 resource
2022-08-24 15:15:36,725 [Worker-22: Building] INFO  o.e.m.c.i.embedder.EclipseLogger - Not copying test resources
2022-08-24 15:16:06,414 [Worker-22: Building] INFO  o.e.m.c.i.embedder.EclipseLogger - Using 'UTF-8' encoding to copy filtered resources.
2022-08-24 15:16:06,415 [Worker-22: Building] INFO  o.e.m.c.i.embedder.EclipseLogger - Copying 1 resource
2022-08-24 15:16:06,417 [Worker-22: Building] INFO  o.e.m.c.i.embedder.EclipseLogger - Not copying test resources
2022-08-24 15:16:24,978 [Worker-6: Building] INFO  o.e.m.c.i.embedder.EclipseLogger - Using 'UTF-8' encoding to copy filtered resources.
2022-08-24 15:16:24,979 [Worker-6: Building] INFO  o.e.m.c.i.embedder.EclipseLogger - Copying 1 resource
2022-08-24 15:16:24,983 [Worker-6: Building] INFO  o.e.m.c.i.embedder.EclipseLogger - Not copying test resources
2022-08-24 15:17:18,458 [Worker-21: Building] INFO  o.e.m.c.i.embedder.EclipseLogger - Using 'UTF-8' encoding to copy filtered resources.
2022-08-24 15:17:18,459 [Worker-21: Building] INFO  o.e.m.c.i.embedder.EclipseLogger - Copying 1 resource
2022-08-24 15:17:18,461 [Worker-21: Building] INFO  o.e.m.c.i.embedder.EclipseLogger - Not copying test resources
2022-08-24 15:17:39,889 [Worker-23: Building] INFO  o.e.m.c.i.embedder.EclipseLogger - Using 'UTF-8' encoding to copy filtered resources.
2022-08-24 15:17:39,889 [Worker-23: Building] INFO  o.e.m.c.i.embedder.EclipseLogger - Copying 1 resource
2022-08-24 15:17:39,892 [Worker-23: Building] INFO  o.e.m.c.i.embedder.EclipseLogger - Not copying test resources
2022-08-24 15:17:53,664 [Worker-24: Building] INFO  o.e.m.c.i.embedder.EclipseLogger - Using 'UTF-8' encoding to copy filtered resources.
2022-08-24 15:17:53,665 [Worker-24: Building] INFO  o.e.m.c.i.embedder.EclipseLogger - Copying 1 resource
2022-08-24 15:17:53,667 [Worker-24: Building] INFO  o.e.m.c.i.embedder.EclipseLogger - Not copying test resources
2022-08-24 15:17:58,916 [Worker-24: Building] INFO  o.e.m.c.i.embedder.EclipseLogger - Using 'UTF-8' encoding to copy filtered resources.
2022-08-24 15:17:58,917 [Worker-24: Building] INFO  o.e.m.c.i.embedder.EclipseLogger - Copying 1 resource
2022-08-24 15:17:58,921 [Worker-24: Building] INFO  o.e.m.c.i.embedder.EclipseLogger - Not copying test resources
2022-08-24 15:18:42,877 [Worker-6: Building] INFO  o.e.m.c.i.embedder.EclipseLogger - Using 'UTF-8' encoding to copy filtered resources.
2022-08-24 15:18:42,877 [Worker-6: Building] INFO  o.e.m.c.i.embedder.EclipseLogger - Copying 1 resource
2022-08-24 15:18:42,880 [Worker-6: Building] INFO  o.e.m.c.i.embedder.EclipseLogger - Not copying test resources
2022-08-24 15:21:49,761 [Worker-25: Building] INFO  o.e.m.c.i.embedder.EclipseLogger - Using 'UTF-8' encoding to copy filtered resources.
2022-08-24 15:21:49,762 [Worker-25: Building] INFO  o.e.m.c.i.embedder.EclipseLogger - Copying 1 resource
2022-08-24 15:21:49,764 [Worker-25: Building] INFO  o.e.m.c.i.embedder.EclipseLogger - Not copying test resources
2022-08-24 15:22:54,594 [Worker-25: Building] INFO  o.e.m.c.i.embedder.EclipseLogger - Using 'UTF-8' encoding to copy filtered resources.
2022-08-24 15:22:54,594 [Worker-25: Building] INFO  o.e.m.c.i.embedder.EclipseLogger - Copying 1 resource
2022-08-24 15:22:54,597 [Worker-25: Building] INFO  o.e.m.c.i.embedder.EclipseLogger - Not copying test resources
2022-08-24 15:26:10,458 [Worker-25: Building] INFO  o.e.m.c.i.embedder.EclipseLogger - Using 'UTF-8' encoding to copy filtered resources.
2022-08-24 15:26:10,459 [Worker-25: Building] INFO  o.e.m.c.i.embedder.EclipseLogger - Copying 1 resource
2022-08-24 15:26:10,461 [Worker-25: Building] INFO  o.e.m.c.i.embedder.EclipseLogger - Not copying test resources
2022-08-24 15:26:49,703 [Worker-27: Building] INFO  o.e.m.c.i.embedder.EclipseLogger - Using 'UTF-8' encoding to copy filtered resources.
2022-08-24 15:26:49,704 [Worker-27: Building] INFO  o.e.m.c.i.embedder.EclipseLogger - Copying 1 resource
2022-08-24 15:26:49,706 [Worker-27: Building] INFO  o.e.m.c.i.embedder.EclipseLogger - Not copying test resources
2022-08-24 15:27:53,253 [Worker-29: Building] INFO  o.e.m.c.i.embedder.EclipseLogger - Using 'UTF-8' encoding to copy filtered resources.
2022-08-24 15:27:53,254 [Worker-29: Building] INFO  o.e.m.c.i.embedder.EclipseLogger - Copying 1 resource
2022-08-24 15:27:53,256 [Worker-29: Building] INFO  o.e.m.c.i.embedder.EclipseLogger - Not copying test resources
2022-08-24 15:28:15,510 [Worker-27: Building] INFO  o.e.m.c.i.embedder.EclipseLogger - Using 'UTF-8' encoding to copy filtered resources.
2022-08-24 15:28:15,510 [Worker-27: Building] INFO  o.e.m.c.i.embedder.EclipseLogger - Copying 1 resource
2022-08-24 15:28:15,512 [Worker-27: Building] INFO  o.e.m.c.i.embedder.EclipseLogger - Not copying test resources
2022-08-24 15:29:04,461 [Worker-28: Building] INFO  o.e.m.c.i.embedder.EclipseLogger - Using 'UTF-8' encoding to copy filtered resources.
2022-08-24 15:29:04,462 [Worker-28: Building] INFO  o.e.m.c.i.embedder.EclipseLogger - Copying 1 resource
2022-08-24 15:29:04,464 [Worker-28: Building] INFO  o.e.m.c.i.embedder.EclipseLogger - Not copying test resources
2022-08-24 15:29:41,879 [Worker-27: Building] INFO  o.e.m.c.i.embedder.EclipseLogger - Using 'UTF-8' encoding to copy filtered resources.
2022-08-24 15:29:41,879 [Worker-27: Building] INFO  o.e.m.c.i.embedder.EclipseLogger - Copying 1 resource
2022-08-24 15:29:41,881 [Worker-27: Building] INFO  o.e.m.c.i.embedder.EclipseLogger - Not copying test resources
2022-08-24 15:30:09,697 [Worker-25: Building] INFO  o.e.m.c.i.embedder.EclipseLogger - Using 'UTF-8' encoding to copy filtered resources.
2022-08-24 15:30:09,698 [Worker-25: Building] INFO  o.e.m.c.i.embedder.EclipseLogger - Copying 1 resource
2022-08-24 15:30:09,701 [Worker-25: Building] INFO  o.e.m.c.i.embedder.EclipseLogger - Not copying test resources
2022-08-24 15:35:32,640 [Worker-29: Building] INFO  o.e.m.c.i.embedder.EclipseLogger - Using 'UTF-8' encoding to copy filtered resources.
2022-08-24 15:35:32,641 [Worker-29: Building] INFO  o.e.m.c.i.embedder.EclipseLogger - Copying 1 resource
2022-08-24 15:35:32,643 [Worker-29: Building] INFO  o.e.m.c.i.embedder.EclipseLogger - Not copying test resources
2022-08-24 15:41:27,778 [Worker-32: Building] INFO  o.e.m.c.i.embedder.EclipseLogger - Using 'UTF-8' encoding to copy filtered resources.
2022-08-24 15:41:27,779 [Worker-32: Building] INFO  o.e.m.c.i.embedder.EclipseLogger - Copying 1 resource
2022-08-24 15:41:27,781 [Worker-32: Building] INFO  o.e.m.c.i.embedder.EclipseLogger - Not copying test resources
2022-08-24 15:51:07,450 [Worker-34: Building] INFO  o.e.m.c.i.embedder.EclipseLogger - Using 'UTF-8' encoding to copy filtered resources.
2022-08-24 15:51:07,450 [Worker-34: Building] INFO  o.e.m.c.i.embedder.EclipseLogger - Copying 1 resource
2022-08-24 15:51:07,452 [Worker-34: Building] INFO  o.e.m.c.i.embedder.EclipseLogger - Not copying test resources
2022-08-24 15:51:49,354 [Worker-35: Building] INFO  o.e.m.c.i.embedder.EclipseLogger - Using 'UTF-8' encoding to copy filtered resources.
2022-08-24 15:51:49,355 [Worker-35: Building] INFO  o.e.m.c.i.embedder.EclipseLogger - Copying 1 resource
2022-08-24 15:51:49,357 [Worker-35: Building] INFO  o.e.m.c.i.embedder.EclipseLogger - Not copying test resources
2022-08-24 16:01:08,752 [Worker-52: Building] INFO  o.e.m.c.i.embedder.EclipseLogger - Using 'UTF-8' encoding to copy filtered resources.
2022-08-24 16:01:08,752 [Worker-52: Building] INFO  o.e.m.c.i.embedder.EclipseLogger - Copying 1 resource
2022-08-24 16:01:08,755 [Worker-52: Building] INFO  o.e.m.c.i.embedder.EclipseLogger - Not copying test resources
2022-08-24 16:01:54,374 [Worker-49: Building] INFO  o.e.m.c.i.embedder.EclipseLogger - Using 'UTF-8' encoding to copy filtered resources.
2022-08-24 16:01:54,374 [Worker-49: Building] INFO  o.e.m.c.i.embedder.EclipseLogger - Copying 1 resource
2022-08-24 16:01:54,378 [Worker-49: Building] INFO  o.e.m.c.i.embedder.EclipseLogger - Not copying test resources
2022-08-24 16:05:11,724 [Worker-55: Building] INFO  o.e.m.c.i.embedder.EclipseLogger - Using 'UTF-8' encoding to copy filtered resources.
2022-08-24 16:05:11,725 [Worker-55: Building] INFO  o.e.m.c.i.embedder.EclipseLogger - Copying 1 resource
2022-08-24 16:05:11,727 [Worker-55: Building] INFO  o.e.m.c.i.embedder.EclipseLogger - Not copying test resources
2022-08-24 16:05:38,567 [Worker-49: Building] INFO  o.e.m.c.i.embedder.EclipseLogger - Using 'UTF-8' encoding to copy filtered resources.
2022-08-24 16:05:38,568 [Worker-49: Building] INFO  o.e.m.c.i.embedder.EclipseLogger - Copying 1 resource
2022-08-24 16:05:38,571 [Worker-49: Building] INFO  o.e.m.c.i.embedder.EclipseLogger - Not copying test resources
2022-08-24 16:05:48,862 [Worker-53: Building] INFO  o.e.m.c.i.embedder.EclipseLogger - Using 'UTF-8' encoding to copy filtered resources.
2022-08-24 16:05:48,862 [Worker-53: Building] INFO  o.e.m.c.i.embedder.EclipseLogger - Copying 1 resource
2022-08-24 16:05:48,864 [Worker-53: Building] INFO  o.e.m.c.i.embedder.EclipseLogger - Not copying test resources
2022-08-24 16:12:25,083 [Worker-55: Building] INFO  o.e.m.c.i.embedder.EclipseLogger - Using 'UTF-8' encoding to copy filtered resources.
2022-08-24 16:12:25,084 [Worker-55: Building] INFO  o.e.m.c.i.embedder.EclipseLogger - Copying 1 resource
2022-08-24 16:12:25,086 [Worker-55: Building] INFO  o.e.m.c.i.embedder.EclipseLogger - Not copying test resources
2022-08-24 16:13:40,560 [Worker-60: Building] INFO  o.e.m.c.i.embedder.EclipseLogger - Using 'UTF-8' encoding to copy filtered resources.
2022-08-24 16:13:40,561 [Worker-60: Building] INFO  o.e.m.c.i.embedder.EclipseLogger - Copying 1 resource
2022-08-24 16:13:40,563 [Worker-60: Building] INFO  o.e.m.c.i.embedder.EclipseLogger - Not copying test resources
2022-08-24 16:13:58,792 [Worker-58: Building] INFO  o.e.m.c.i.embedder.EclipseLogger - Using 'UTF-8' encoding to copy filtered resources.
2022-08-24 16:13:58,793 [Worker-58: Building] INFO  o.e.m.c.i.embedder.EclipseLogger - Copying 1 resource
2022-08-24 16:13:58,795 [Worker-58: Building] INFO  o.e.m.c.i.embedder.EclipseLogger - Not copying test resources
2022-08-24 16:15:04,761 [Worker-58: Building] INFO  o.e.m.c.i.embedder.EclipseLogger - Using 'UTF-8' encoding to copy filtered resources.
2022-08-24 16:15:04,762 [Worker-58: Building] INFO  o.e.m.c.i.embedder.EclipseLogger - Copying 1 resource
2022-08-24 16:15:04,765 [Worker-58: Building] INFO  o.e.m.c.i.embedder.EclipseLogger - Not copying test resources
2022-08-24 16:22:23,203 [Worker-67: Building] INFO  o.e.m.c.i.embedder.EclipseLogger - Using 'UTF-8' encoding to copy filtered resources.
2022-08-24 16:22:23,204 [Worker-67: Building] INFO  o.e.m.c.i.embedder.EclipseLogger - Copying 1 resource
2022-08-24 16:22:23,206 [Worker-67: Building] INFO  o.e.m.c.i.embedder.EclipseLogger - Not copying test resources
2022-08-24 16:22:42,376 [Worker-53: Building] INFO  o.e.m.c.i.embedder.EclipseLogger - Using 'UTF-8' encoding to copy filtered resources.
2022-08-24 16:22:42,377 [Worker-53: Building] INFO  o.e.m.c.i.embedder.EclipseLogger - Copying 1 resource
2022-08-24 16:22:42,379 [Worker-53: Building] INFO  o.e.m.c.i.embedder.EclipseLogger - Not copying test resources
2022-08-24 16:30:12,586 [Worker-71: Building] INFO  o.e.m.c.i.embedder.EclipseLogger - Using 'UTF-8' encoding to copy filtered resources.
2022-08-24 16:30:12,587 [Worker-71: Building] INFO  o.e.m.c.i.embedder.EclipseLogger - Copying 1 resource
2022-08-24 16:30:12,589 [Worker-71: Building] INFO  o.e.m.c.i.embedder.EclipseLogger - Not copying test resources
2022-08-24 16:32:25,760 [Worker-72: Building] INFO  o.e.m.c.i.embedder.EclipseLogger - Using 'UTF-8' encoding to copy filtered resources.
2022-08-24 16:32:25,761 [Worker-72: Building] INFO  o.e.m.c.i.embedder.EclipseLogger - Copying 1 resource
2022-08-24 16:32:25,765 [Worker-72: Building] INFO  o.e.m.c.i.embedder.EclipseLogger - Not copying test resources
2022-08-24 16:32:36,181 [Worker-72: Building] INFO  o.e.m.c.i.embedder.EclipseLogger - Using 'UTF-8' encoding to copy filtered resources.
2022-08-24 16:32:36,186 [Worker-72: Building] INFO  o.e.m.c.i.embedder.EclipseLogger - Copying 2 resources
2022-08-24 16:32:36,187 [Worker-72: Building] INFO  o.e.m.c.i.embedder.EclipseLogger - Not copying test resources
2022-08-24 16:35:12,833 [Worker-74: Building] INFO  o.e.m.c.i.embedder.EclipseLogger - Using 'UTF-8' encoding to copy filtered resources.
2022-08-24 16:35:12,834 [Worker-74: Building] INFO  o.e.m.c.i.embedder.EclipseLogger - Copying 1 resource
2022-08-24 16:35:12,836 [Worker-74: Building] INFO  o.e.m.c.i.embedder.EclipseLogger - Not copying test resources
2022-08-24 16:35:40,070 [Worker-74: Building] INFO  o.e.m.c.i.embedder.EclipseLogger - Using 'UTF-8' encoding to copy filtered resources.
2022-08-24 16:35:40,071 [Worker-74: Building] INFO  o.e.m.c.i.embedder.EclipseLogger - Copying 2 resources
2022-08-24 16:35:40,073 [Worker-74: Building] INFO  o.e.m.c.i.embedder.EclipseLogger - Not copying test resources
2022-08-24 16:36:12,022 [Worker-73: Building] INFO  o.e.m.c.i.embedder.EclipseLogger - Using 'UTF-8' encoding to copy filtered resources.
2022-08-24 16:36:12,022 [Worker-73: Building] INFO  o.e.m.c.i.embedder.EclipseLogger - Copying 1 resource
2022-08-24 16:36:12,025 [Worker-73: Building] INFO  o.e.m.c.i.embedder.EclipseLogger - Not copying test resources
2022-08-24 16:38:15,746 [Worker-73: Building] INFO  o.e.m.c.i.embedder.EclipseLogger - Using 'UTF-8' encoding to copy filtered resources.
2022-08-24 16:38:15,746 [Worker-73: Building] INFO  o.e.m.c.i.embedder.EclipseLogger - Copying 1 resource
2022-08-24 16:38:15,749 [Worker-73: Building] INFO  o.e.m.c.i.embedder.EclipseLogger - Not copying test resources
2022-08-24 16:48:31,596 [Worker-78: Building] INFO  o.e.m.c.i.embedder.EclipseLogger - Using 'UTF-8' encoding to copy filtered resources.
2022-08-24 16:48:31,596 [Worker-78: Building] INFO  o.e.m.c.i.embedder.EclipseLogger - Copying 1 resource
2022-08-24 16:48:31,598 [Worker-78: Building] INFO  o.e.m.c.i.embedder.EclipseLogger - Not copying test resources
2022-08-24 16:48:35,555 [Worker-77: Building] INFO  o.e.m.c.i.embedder.EclipseLogger - Using 'UTF-8' encoding to copy filtered resources.
2022-08-24 16:48:35,556 [Worker-77: Building] INFO  o.e.m.c.i.embedder.EclipseLogger - Copying 1 resource
2022-08-24 16:48:35,558 [Worker-77: Building] INFO  o.e.m.c.i.embedder.EclipseLogger - Not copying test resources
2022-08-24 16:48:59,049 [Worker-77: Building] INFO  o.e.m.c.i.embedder.EclipseLogger - Using 'UTF-8' encoding to copy filtered resources.
2022-08-24 16:48:59,050 [Worker-77: Building] INFO  o.e.m.c.i.embedder.EclipseLogger - Copying 1 resource
2022-08-24 16:48:59,052 [Worker-77: Building] INFO  o.e.m.c.i.embedder.EclipseLogger - Not copying test resources
2022-08-24 16:52:48,547 [Worker-81: Building] INFO  o.e.m.c.i.embedder.EclipseLogger - Using 'UTF-8' encoding to copy filtered resources.
2022-08-24 16:52:48,548 [Worker-81: Building] INFO  o.e.m.c.i.embedder.EclipseLogger - Copying 1 resource
2022-08-24 16:52:48,551 [Worker-81: Building] INFO  o.e.m.c.i.embedder.EclipseLogger - Not copying test resources
2022-08-24 16:54:57,721 [Worker-73: Building] INFO  o.e.m.c.i.embedder.EclipseLogger - Using 'UTF-8' encoding to copy filtered resources.
2022-08-24 16:54:57,721 [Worker-73: Building] INFO  o.e.m.c.i.embedder.EclipseLogger - Copying 1 resource
2022-08-24 16:54:57,723 [Worker-73: Building] INFO  o.e.m.c.i.embedder.EclipseLogger - Not copying test resources
2022-08-24 16:55:22,268 [Worker-73: Building] INFO  o.e.m.c.i.embedder.EclipseLogger - Using 'UTF-8' encoding to copy filtered resources.
2022-08-24 16:55:22,269 [Worker-73: Building] INFO  o.e.m.c.i.embedder.EclipseLogger - Copying 1 resource
2022-08-24 16:55:22,273 [Worker-73: Building] INFO  o.e.m.c.i.embedder.EclipseLogger - Not copying test resources
2022-08-24 16:55:35,847 [Worker-84: Building] INFO  o.e.m.c.i.embedder.EclipseLogger - Using 'UTF-8' encoding to copy filtered resources.
2022-08-24 16:55:35,848 [Worker-84: Building] INFO  o.e.m.c.i.embedder.EclipseLogger - Copying 1 resource
2022-08-24 16:55:35,850 [Worker-84: Building] INFO  o.e.m.c.i.embedder.EclipseLogger - Not copying test resources
2022-08-24 16:55:45,759 [Worker-78: Building] INFO  o.e.m.c.i.embedder.EclipseLogger - Using 'UTF-8' encoding to copy filtered resources.
2022-08-24 16:55:45,759 [Worker-78: Building] INFO  o.e.m.c.i.embedder.EclipseLogger - Copying 1 resource
2022-08-24 16:55:45,761 [Worker-78: Building] INFO  o.e.m.c.i.embedder.EclipseLogger - Not copying test resources
2022-08-24 16:56:34,151 [Worker-84: Building] INFO  o.e.m.c.i.embedder.EclipseLogger - Using 'UTF-8' encoding to copy filtered resources.
2022-08-24 16:56:34,151 [Worker-84: Building] INFO  o.e.m.c.i.embedder.EclipseLogger - Copying 1 resource
2022-08-24 16:56:34,156 [Worker-84: Building] INFO  o.e.m.c.i.embedder.EclipseLogger - Not copying test resources
2022-08-24 16:57:35,409 [Worker-83: Building] INFO  o.e.m.c.i.embedder.EclipseLogger - Using 'UTF-8' encoding to copy filtered resources.
2022-08-24 16:57:35,409 [Worker-83: Building] INFO  o.e.m.c.i.embedder.EclipseLogger - Copying 1 resource
2022-08-24 16:57:35,413 [Worker-83: Building] INFO  o.e.m.c.i.embedder.EclipseLogger - Not copying test resources
2022-08-24 16:57:53,432 [Worker-83: Building] INFO  o.e.m.c.i.embedder.EclipseLogger - Using 'UTF-8' encoding to copy filtered resources.
2022-08-24 16:57:53,432 [Worker-83: Building] INFO  o.e.m.c.i.embedder.EclipseLogger - Copying 1 resource
2022-08-24 16:57:53,434 [Worker-83: Building] INFO  o.e.m.c.i.embedder.EclipseLogger - Not copying test resources
2022-08-24 16:58:01,580 [Worker-84: Building] INFO  o.e.m.c.i.embedder.EclipseLogger - Using 'UTF-8' encoding to copy filtered resources.
2022-08-24 16:58:01,580 [Worker-84: Building] INFO  o.e.m.c.i.embedder.EclipseLogger - Copying 1 resource
2022-08-24 16:58:01,584 [Worker-84: Building] INFO  o.e.m.c.i.embedder.EclipseLogger - Not copying test resources
2022-08-24 16:58:52,960 [Worker-81: Building] INFO  o.e.m.c.i.embedder.EclipseLogger - Using 'UTF-8' encoding to copy filtered resources.
2022-08-24 16:58:52,960 [Worker-81: Building] INFO  o.e.m.c.i.embedder.EclipseLogger - Copying 1 resource
2022-08-24 16:58:52,962 [Worker-81: Building] INFO  o.e.m.c.i.embedder.EclipseLogger - Not copying test resources
2022-08-24 16:59:08,307 [Worker-78: Building] INFO  o.e.m.c.i.embedder.EclipseLogger - Using 'UTF-8' encoding to copy filtered resources.
2022-08-24 16:59:08,307 [Worker-78: Building] INFO  o.e.m.c.i.embedder.EclipseLogger - Copying 1 resource
2022-08-24 16:59:08,310 [Worker-78: Building] INFO  o.e.m.c.i.embedder.EclipseLogger - Not copying test resources
2022-08-24 16:59:18,299 [Worker-83: Building] INFO  o.e.m.c.i.embedder.EclipseLogger - Using 'UTF-8' encoding to copy filtered resources.
2022-08-24 16:59:18,300 [Worker-83: Building] INFO  o.e.m.c.i.embedder.EclipseLogger - Copying 1 resource
2022-08-24 16:59:18,303 [Worker-83: Building] INFO  o.e.m.c.i.embedder.EclipseLogger - Not copying test resources
2022-08-24 17:01:31,868 [Worker-85: Building] INFO  o.e.m.c.i.embedder.EclipseLogger - Using 'UTF-8' encoding to copy filtered resources.
2022-08-24 17:01:31,868 [Worker-85: Building] INFO  o.e.m.c.i.embedder.EclipseLogger - Copying 1 resource
2022-08-24 17:01:31,871 [Worker-85: Building] INFO  o.e.m.c.i.embedder.EclipseLogger - Not copying test resources
2022-08-24 17:01:36,391 [Worker-86: Building] INFO  o.e.m.c.i.embedder.EclipseLogger - Using 'UTF-8' encoding to copy filtered resources.
2022-08-24 17:01:36,392 [Worker-86: Building] INFO  o.e.m.c.i.embedder.EclipseLogger - Copying 1 resource
2022-08-24 17:01:36,397 [Worker-86: Building] INFO  o.e.m.c.i.embedder.EclipseLogger - Not copying test resources
2022-08-24 17:02:40,519 [Worker-73: Building] INFO  o.e.m.c.i.embedder.EclipseLogger - Using 'UTF-8' encoding to copy filtered resources.
2022-08-24 17:02:40,519 [Worker-73: Building] INFO  o.e.m.c.i.embedder.EclipseLogger - Copying 1 resource
2022-08-24 17:02:40,521 [Worker-73: Building] INFO  o.e.m.c.i.embedder.EclipseLogger - Not copying test resources
2022-08-24 17:03:04,659 [Worker-73: Building] INFO  o.e.m.c.i.embedder.EclipseLogger - Using 'UTF-8' encoding to copy filtered resources.
2022-08-24 17:03:04,661 [Worker-73: Building] INFO  o.e.m.c.i.embedder.EclipseLogger - Copying 1 resource
2022-08-24 17:03:04,664 [Worker-73: Building] INFO  o.e.m.c.i.embedder.EclipseLogger - Not copying test resources
2022-08-24 17:03:08,189 [Worker-85: Building] INFO  o.e.m.c.i.embedder.EclipseLogger - Using 'UTF-8' encoding to copy filtered resources.
2022-08-24 17:03:08,190 [Worker-85: Building] INFO  o.e.m.c.i.embedder.EclipseLogger - Copying 1 resource
2022-08-24 17:03:08,196 [Worker-85: Building] INFO  o.e.m.c.i.embedder.EclipseLogger - Not copying test resources
2022-08-24 17:04:27,898 [Worker-86: Building] INFO  o.e.m.c.i.embedder.EclipseLogger - Using 'UTF-8' encoding to copy filtered resources.
2022-08-24 17:04:27,898 [Worker-86: Building] INFO  o.e.m.c.i.embedder.EclipseLogger - Copying 1 resource
2022-08-24 17:04:27,900 [Worker-86: Building] INFO  o.e.m.c.i.embedder.EclipseLogger - Not copying test resources
2022-08-24 17:09:23,812 [Worker-86: Building] INFO  o.e.m.c.i.embedder.EclipseLogger - Using 'UTF-8' encoding to copy filtered resources.
2022-08-24 17:09:23,813 [Worker-86: Building] INFO  o.e.m.c.i.embedder.EclipseLogger - Copying 1 resource
2022-08-24 17:09:23,815 [Worker-86: Building] INFO  o.e.m.c.i.embedder.EclipseLogger - Not copying test resources
2022-08-24 17:09:50,132 [Worker-86: Building] INFO  o.e.m.c.i.embedder.EclipseLogger - Using 'UTF-8' encoding to copy filtered resources.
2022-08-24 17:09:50,132 [Worker-86: Building] INFO  o.e.m.c.i.embedder.EclipseLogger - Copying 1 resource
2022-08-24 17:09:50,136 [Worker-86: Building] INFO  o.e.m.c.i.embedder.EclipseLogger - Not copying test resources
2022-08-24 17:11:10,271 [Worker-90: Building] INFO  o.e.m.c.i.embedder.EclipseLogger - Using 'UTF-8' encoding to copy filtered resources.
2022-08-24 17:11:10,271 [Worker-90: Building] INFO  o.e.m.c.i.embedder.EclipseLogger - Copying 1 resource
2022-08-24 17:11:10,273 [Worker-90: Building] INFO  o.e.m.c.i.embedder.EclipseLogger - Not copying test resources
2022-08-24 17:11:41,454 [Worker-86: Building] INFO  o.e.m.c.i.embedder.EclipseLogger - Using 'UTF-8' encoding to copy filtered resources.
2022-08-24 17:11:41,455 [Worker-86: Building] INFO  o.e.m.c.i.embedder.EclipseLogger - Copying 1 resource
2022-08-24 17:11:41,458 [Worker-86: Building] INFO  o.e.m.c.i.embedder.EclipseLogger - Not copying test resources
2022-08-24 17:13:24,688 [Worker-88: Building] INFO  o.e.m.c.i.embedder.EclipseLogger - Using 'UTF-8' encoding to copy filtered resources.
2022-08-24 17:13:24,688 [Worker-88: Building] INFO  o.e.m.c.i.embedder.EclipseLogger - Copying 1 resource
2022-08-24 17:13:24,690 [Worker-88: Building] INFO  o.e.m.c.i.embedder.EclipseLogger - Not copying test resources
2022-08-24 17:18:50,895 [Worker-85: Building] INFO  o.e.m.c.i.embedder.EclipseLogger - Using 'UTF-8' encoding to copy filtered resources.
2022-08-24 17:18:50,895 [Worker-85: Building] INFO  o.e.m.c.i.embedder.EclipseLogger - Copying 1 resource
2022-08-24 17:18:50,899 [Worker-85: Building] INFO  o.e.m.c.i.embedder.EclipseLogger - Not copying test resources
2022-08-24 17:25:02,325 [Worker-95: Building] INFO  o.e.m.c.i.embedder.EclipseLogger - Using 'UTF-8' encoding to copy filtered resources.
2022-08-24 17:25:02,325 [Worker-95: Building] INFO  o.e.m.c.i.embedder.EclipseLogger - Copying 1 resource
2022-08-24 17:25:02,327 [Worker-95: Building] INFO  o.e.m.c.i.embedder.EclipseLogger - Not copying test resources
2022-08-24 17:27:03,968 [Worker-101: Building] INFO  o.e.m.c.i.embedder.EclipseLogger - Using 'UTF-8' encoding to copy filtered resources.
2022-08-24 17:27:03,968 [Worker-101: Building] INFO  o.e.m.c.i.embedder.EclipseLogger - Copying 1 resource
2022-08-24 17:27:03,970 [Worker-101: Building] INFO  o.e.m.c.i.embedder.EclipseLogger - Not copying test resources
2022-08-24 17:27:30,272 [Worker-101: Building] INFO  o.e.m.c.i.embedder.EclipseLogger - Using 'UTF-8' encoding to copy filtered resources.
2022-08-24 17:27:30,273 [Worker-101: Building] INFO  o.e.m.c.i.embedder.EclipseLogger - Copying 2 resources
2022-08-24 17:27:30,274 [Worker-101: Building] INFO  o.e.m.c.i.embedder.EclipseLogger - Not copying test resources
2022-08-24 17:31:59,974 [Worker-105: Building] INFO  o.e.m.c.i.embedder.EclipseLogger - Using 'UTF-8' encoding to copy filtered resources.
2022-08-24 17:31:59,975 [Worker-105: Building] INFO  o.e.m.c.i.embedder.EclipseLogger - Copying 1 resource
2022-08-24 17:31:59,977 [Worker-105: Building] INFO  o.e.m.c.i.embedder.EclipseLogger - Not copying test resources
2022-08-24 17:34:58,510 [Worker-108: Building] INFO  o.e.m.c.i.embedder.EclipseLogger - Using 'UTF-8' encoding to copy filtered resources.
2022-08-24 17:34:58,511 [Worker-108: Building] INFO  o.e.m.c.i.embedder.EclipseLogger - Copying 1 resource
2022-08-24 17:34:58,513 [Worker-108: Building] INFO  o.e.m.c.i.embedder.EclipseLogger - Not copying test resources
2022-08-24 17:37:41,323 [Worker-109: Building] INFO  o.e.m.c.i.embedder.EclipseLogger - Using 'UTF-8' encoding to copy filtered resources.
2022-08-24 17:37:41,323 [Worker-109: Building] INFO  o.e.m.c.i.embedder.EclipseLogger - Copying 1 resource
2022-08-24 17:37:41,327 [Worker-109: Building] INFO  o.e.m.c.i.embedder.EclipseLogger - Not copying test resources
2022-08-24 17:47:18,840 [Worker-117: Building] INFO  o.e.m.c.i.embedder.EclipseLogger - Using 'UTF-8' encoding to copy filtered resources.
2022-08-24 17:47:18,841 [Worker-117: Building] INFO  o.e.m.c.i.embedder.EclipseLogger - Copying 1 resource
2022-08-24 17:47:18,845 [Worker-117: Building] INFO  o.e.m.c.i.embedder.EclipseLogger - Not copying test resources
2022-08-24 17:52:11,430 [Worker-123: Building] INFO  o.e.m.c.i.embedder.EclipseLogger - Using 'UTF-8' encoding to copy filtered resources.
2022-08-24 17:52:11,431 [Worker-123: Building] INFO  o.e.m.c.i.embedder.EclipseLogger - Copying 1 resource
2022-08-24 17:52:11,433 [Worker-123: Building] INFO  o.e.m.c.i.embedder.EclipseLogger - Not copying test resources
2022-08-24 17:56:18,268 [Worker-130: Building] INFO  o.e.m.c.i.embedder.EclipseLogger - Using 'UTF-8' encoding to copy filtered resources.
2022-08-24 17:56:18,269 [Worker-130: Building] INFO  o.e.m.c.i.embedder.EclipseLogger - Copying 1 resource
2022-08-24 17:56:18,272 [Worker-130: Building] INFO  o.e.m.c.i.embedder.EclipseLogger - Not copying test resources
2022-08-24 17:57:05,169 [Worker-113: Building] INFO  o.e.m.c.i.embedder.EclipseLogger - Using 'UTF-8' encoding to copy filtered resources.
2022-08-24 17:57:05,170 [Worker-113: Building] INFO  o.e.m.c.i.embedder.EclipseLogger - Copying 1 resource
2022-08-24 17:57:05,172 [Worker-113: Building] INFO  o.e.m.c.i.embedder.EclipseLogger - Not copying test resources
2022-08-25 17:34:11,435 [Worker-16: Loading available Gradle versions] INFO  o.e.b.c.i.u.g.PublishedGradleVersions - Gradle version information cache is out-of-date. Trying to update.
2022-08-25 17:51:24,759 [Worker-32: Building] INFO  o.e.m.c.i.embedder.EclipseLogger - Using 'UTF-8' encoding to copy filtered resources.
2022-08-25 17:51:24,763 [Worker-32: Building] INFO  o.e.m.c.i.embedder.EclipseLogger - Copying 2 resources
2022-08-25 17:51:24,772 [Worker-32: Building] INFO  o.e.m.c.i.embedder.EclipseLogger - Not copying test resources
2022-08-25 17:53:53,327 [Worker-36: Building] INFO  o.e.m.c.i.embedder.EclipseLogger - Using 'UTF-8' encoding to copy filtered resources.
2022-08-25 17:53:53,329 [Worker-36: Building] INFO  o.e.m.c.i.embedder.EclipseLogger - Copying 1 resource
2022-08-25 17:53:53,331 [Worker-36: Building] INFO  o.e.m.c.i.embedder.EclipseLogger - Not copying test resources
2022-08-25 17:58:53,691 [Worker-37: Building] INFO  o.e.m.c.i.embedder.EclipseLogger - Using 'UTF-8' encoding to copy filtered resources.
2022-08-25 17:58:53,692 [Worker-37: Building] INFO  o.e.m.c.i.embedder.EclipseLogger - Copying 1 resource
2022-08-25 17:58:53,694 [Worker-37: Building] INFO  o.e.m.c.i.embedder.EclipseLogger - Not copying test resources
2022-08-25 18:03:37,605 [Worker-43: Building] INFO  o.e.m.c.i.embedder.EclipseLogger - Using 'UTF-8' encoding to copy filtered resources.
2022-08-25 18:03:37,606 [Worker-43: Building] INFO  o.e.m.c.i.embedder.EclipseLogger - Copying 1 resource
2022-08-25 18:03:37,609 [Worker-43: Building] INFO  o.e.m.c.i.embedder.EclipseLogger - Not copying test resources
2022-08-25 18:04:31,014 [Worker-42: Building] INFO  o.e.m.c.i.embedder.EclipseLogger - Using 'UTF-8' encoding to copy filtered resources.
2022-08-25 18:04:31,014 [Worker-42: Building] INFO  o.e.m.c.i.embedder.EclipseLogger - Copying 1 resource
2022-08-25 18:04:31,017 [Worker-42: Building] INFO  o.e.m.c.i.embedder.EclipseLogger - Not copying test resources
2022-08-25 18:06:23,128 [Worker-44: Building] INFO  o.e.m.c.i.embedder.EclipseLogger - Using 'UTF-8' encoding to copy filtered resources.
2022-08-25 18:06:23,128 [Worker-44: Building] INFO  o.e.m.c.i.embedder.EclipseLogger - Copying 1 resource
2022-08-25 18:06:23,132 [Worker-44: Building] INFO  o.e.m.c.i.embedder.EclipseLogger - Not copying test resources
2022-08-25 18:17:17,727 [Worker-51: Building] INFO  o.e.m.c.i.embedder.EclipseLogger - Using 'UTF-8' encoding to copy filtered resources.
2022-08-25 18:17:17,728 [Worker-51: Building] INFO  o.e.m.c.i.embedder.EclipseLogger - Copying 1 resource
2022-08-25 18:17:17,730 [Worker-51: Building] INFO  o.e.m.c.i.embedder.EclipseLogger - Not copying test resources
2022-08-25 18:18:25,063 [Worker-55: Building] INFO  o.e.m.c.i.embedder.EclipseLogger - Using 'UTF-8' encoding to copy filtered resources.
2022-08-25 18:18:25,063 [Worker-55: Building] INFO  o.e.m.c.i.embedder.EclipseLogger - Copying 1 resource
2022-08-25 18:18:25,066 [Worker-55: Building] INFO  o.e.m.c.i.embedder.EclipseLogger - Not copying test resources
2022-08-25 18:27:21,360 [Worker-55: Building] INFO  o.e.m.c.i.embedder.EclipseLogger - Using 'UTF-8' encoding to copy filtered resources.
2022-08-25 18:27:21,362 [Worker-55: Building] INFO  o.e.m.c.i.embedder.EclipseLogger - Copying 2 resources
2022-08-25 18:27:21,363 [Worker-55: Building] INFO  o.e.m.c.i.embedder.EclipseLogger - Not copying test resources
2022-08-25 18:34:22,298 [Worker-64: Building] INFO  o.e.m.c.i.embedder.EclipseLogger - Using 'UTF-8' encoding to copy filtered resources.
2022-08-25 18:34:22,298 [Worker-64: Building] INFO  o.e.m.c.i.embedder.EclipseLogger - Copying 1 resource
2022-08-25 18:34:22,300 [Worker-64: Building] INFO  o.e.m.c.i.embedder.EclipseLogger - Not copying test resources
2022-08-25 18:34:38,219 [Worker-65: Building] INFO  o.e.m.c.i.embedder.EclipseLogger - Using 'UTF-8' encoding to copy filtered resources.
2022-08-25 18:34:38,220 [Worker-65: Building] INFO  o.e.m.c.i.embedder.EclipseLogger - Copying 2 resources
2022-08-25 18:34:38,229 [Worker-65: Building] INFO  o.e.m.c.i.embedder.EclipseLogger - Not copying test resources
